11-19-2023 11:52:21: Start running script. Script path: 
11-19-2023 11:53:00: Start running script. Script path: 
11-19-2023 11:53:39: Start running script. Script path: 
11-19-2023 11:53:45: Start running script. Script path: 
11-19-2023 11:54:03: Start running script. Script path: 
11-19-2023 11:54:28: Start running script. Script path: 
11-19-2023 11:54:41: Start running script. Script path: 
11-19-2023 11:55:14: Start running script. Script path: 
11-19-2023 11:55:30: Start running script. Script path: 
11-19-2023 11:55:47: Start running script. Script path: 
11-19-2023 11:55:59: Start running script. Script path: 
11-19-2023 11:56:11: Start running script. Script path: 
11-19-2023 11:56:24: Start running script. Script path: 
11-19-2023 11:56:43: Start running script. Script path: 
11-19-2023 11:56:56: Start running script. Script path: 
11-19-2023 11:57:13: Start running script. Script path: 
11-19-2023 11:57:30: Start running script. Script path: 
11-19-2023 11:58:03: Start running script. Script path: 
11-19-2023 11:58:40: Start running script. Script path: 
11-19-2023 12:00:04: Start running script. Script path: 
11-19-2023 12:00:08: Start running script. Script path: 
11-19-2023 12:00:12: Start running script. Script path: 
11-19-2023 12:02:23: Start running script. Script path: 
11-19-2023 12:02:27: Start running script. Script path: 
11-19-2023 12:02:49: Start running script. Script path: 
11-19-2023 12:02:55: Start running script. Script path: 
11-19-2023 12:03:10: Start running script. Script path: 
11-19-2023 12:03:18: Start running script. Script path: 
11-19-2023 12:03:25: Start running script. Script path: 
11-19-2023 12:03:28: Start running script. Script path: 
11-19-2023 12:03:38: Start running script. Script path: 
11-19-2023 12:04:10: Start running script. Script path: 
11-19-2023 12:04:21: Start running script. Script path: 
11-19-2023 12:04:47: Start running script. Script path: 
11-19-2023 12:04:52: Start running script. Script path: 
11-19-2023 12:06:39: Start running script. Script path: 
11-19-2023 12:06:43: Start running script. Script path: 
11-19-2023 12:06:46: Start running script. Script path: 
11-19-2023 12:06:50: Start running script. Script path: 
11-19-2023 12:08:26: Start running script. Script path: 
11-19-2023 12:08:34: Start running script. Script path: 
11-19-2023 12:08:44: Start running script. Script path: 
11-19-2023 12:08:58: Start running script. Script path: 
11-19-2023 12:09:23: Start running script. Script path: 
11-19-2023 12:10:37: Start running script. Script path: 
11-19-2023 12:21:33: Start running script. Script path: 
11-19-2023 12:22:24: Start running script. Script path: 
11-19-2023 12:22:43: Start running script. Script path: 
11-19-2023 12:23:03: Start running script. Script path: 
11-19-2023 12:23:23: Start running script. Script path: 
11-19-2023 12:23:24: Traceback (most recent call last):
11-19-2023 12:23:24: File "/var/mobile/Library/ZXTouch/scripts/custom/pip.bdl/main.py", line 23, in <module>
11-19-2023 12:23:24: width  = int(result_tuple[1]["width"])
11-19-2023 12:23:24: ValueError: invalid literal for int() with base 10: '1125.000000'
11-19-2023 12:23:24: Start running script. Script path: 
11-19-2023 12:23:24: Traceback (most recent call last):
11-19-2023 12:23:24: File "/var/mobile/Library/ZXTouch/scripts/custom/pip.bdl/main.py", line 23, in <module>
11-19-2023 12:23:24: width  = int(result_tuple[1]["width"])
11-19-2023 12:23:24: ValueError: invalid literal for int() with base 10: '1125.000000'
11-19-2023 12:23:26: Start running script. Script path: 
11-19-2023 12:23:26: Traceback (most recent call last):
11-19-2023 12:23:26: File "/var/mobile/Library/ZXTouch/scripts/custom/pip.bdl/main.py", line 23, in <module>
11-19-2023 12:23:26: width  = int(result_tuple[1]["width"])
11-19-2023 12:23:26: ValueError: invalid literal for int() with base 10: '1125.000000'
11-19-2023 12:23:38: Start running script. Script path: 
11-19-2023 12:24:48: Start running script. Script path: 
11-19-2023 12:25:08: Start running script. Script path: 
11-19-2023 12:26:10: Start running script. Script path: 
11-19-2023 12:26:13: Start running script. Script path: 
11-19-2023 12:26:16: Start running script. Script path: 
11-19-2023 12:26:20: Start running script. Script path: 
11-19-2023 12:26:37: Start running script. Script path: 
11-19-2023 12:30:22: Start running script. Script path: 
11-19-2023 12:30:24: Traceback (most recent call last):
11-19-2023 12:30:24: File "/var/mobile/Library/ZXTouch/scripts/custom/pip.bdl/main.py", line 40, in <module>
11-19-2023 12:30:24: device.show_toast(TOAST_SUCCESS, "Screen orientation: " + str(orientation), 2, TOAST_BOTTOM)
11-19-2023 12:30:24: NameError: name 'TOAST_BOTTOM' is not defined
11-19-2023 12:30:52: Start running script. Script path: 
11-19-2023 12:31:23: Start running script. Script path: 
11-19-2023 12:39:59: Start running script. Script path: 
11-19-2023 12:39:59: Traceback (most recent call last):
11-19-2023 12:39:59: File "/var/mobile/Library/ZXTouch/scripts/custom/pip.bdl/main.py", line 42, in <module>
11-19-2023 12:39:59: orientation = int(float(result_tuple[1][0]))
11-19-2023 12:39:59: NameError: name 'result_tuple' is not defined
11-19-2023 12:40:01: Start running script. Script path: 
11-19-2023 12:40:01: Traceback (most recent call last):
11-19-2023 12:40:01: File "/var/mobile/Library/ZXTouch/scripts/custom/pip.bdl/main.py", line 42, in <module>
11-19-2023 12:40:01: orientation = int(float(result_tuple[1][0]))
11-19-2023 12:40:01: NameError: name 'result_tuple' is not defined
11-19-2023 12:40:33: Start running script. Script path: 
11-19-2023 12:40:33: Traceback (most recent call last):
11-19-2023 12:40:33: File "/var/mobile/Library/ZXTouch/scripts/custom/pip.bdl/main.py", line 42, in <module>
11-19-2023 12:40:33: orientation = int(float(result_tuple[1][0]))
11-19-2023 12:40:33: NameError: name 'result_tuple' is not defined
11-19-2023 12:41:08: Start running script. Script path: 
11-19-2023 12:41:09: Traceback (most recent call last):
11-19-2023 12:41:09: File "/var/mobile/Library/ZXTouch/scripts/custom/pip.bdl/main.py", line 44, in <module>
11-19-2023 12:41:09: orientation = int(float(result_tuple[1][0]))
11-19-2023 12:41:09: NameError: name 'result_tuple' is not defined
11-19-2023 12:42:20: Start running script. Script path: 
11-19-2023 12:42:23: Traceback (most recent call last):
11-19-2023 12:42:23: File "/var/mobile/Library/ZXTouch/scripts/custom/pip.bdl/main.py", line 48, in <module>
11-19-2023 12:42:23: device.show_toast(TOAST_SUCCESS, f"Screen: {width} x {height} : {orientation_str}", 1)
11-19-2023 12:42:23: NameError: name 'orientation_str' is not defined
11-19-2023 12:42:50: Start running script. Script path: 
11-19-2023 12:42:53: Traceback (most recent call last):
11-19-2023 12:42:53: File "/var/mobile/Library/ZXTouch/scripts/custom/pip.bdl/main.py", line 48, in <module>
11-19-2023 12:42:53: device.show_toast(TOAST_SUCCESS, f"Screen: {width} x {height} : {orientation_str}", 1)
11-19-2023 12:42:53: NameError: name 'orientation_str' is not defined
11-19-2023 12:43:52: Start running script. Script path: 
11-19-2023 12:43:55: Traceback (most recent call last):
11-19-2023 12:43:55: File "/var/mobile/Library/ZXTouch/scripts/custom/pip.bdl/main.py", line 49, in <module>
11-19-2023 12:43:55: orientation_str = orientation_strs[orientation]
11-19-2023 12:43:55: NameError: name 'orientation' is not defined
11-19-2023 12:44:28: Start running script. Script path: 
11-19-2023 12:44:31: Traceback (most recent call last):
11-19-2023 12:44:31: File "/var/mobile/Library/ZXTouch/scripts/custom/pip.bdl/main.py", line 49, in <module>
11-19-2023 12:44:31: orientation_str = orientation_strs[orientation]
11-19-2023 12:44:31: NameError: name 'orientation' is not defined
11-19-2023 12:45:52: Start running script. Script path: 
11-19-2023 12:45:52: File "/var/mobile/Library/ZXTouch/scripts/custom/pip.bdl/main.py", line 47
11-19-2023 12:45:52: device.show_toast(TOAST_SUCCESS, f"a", 1)
11-19-2023 12:45:52: ^
11-19-2023 12:45:52: SyntaxError: invalid syntax
11-19-2023 12:45:53: Start running script. Script path: 
11-19-2023 12:45:53: File "/var/mobile/Library/ZXTouch/scripts/custom/pip.bdl/main.py", line 47
11-19-2023 12:45:53: device.show_toast(TOAST_SUCCESS, f"a", 1)
11-19-2023 12:45:53: ^
11-19-2023 12:45:53: SyntaxError: invalid syntax
11-19-2023 12:46:07: Start running script. Script path: 
11-19-2023 12:46:10: Traceback (most recent call last):
11-19-2023 12:46:10: File "/var/mobile/Library/ZXTouch/scripts/custom/pip.bdl/main.py", line 46, in <module>
11-19-2023 12:46:10: orientation = int(float(orientation_tuple[0][1]))
11-19-2023 12:46:10: TypeError: 'bool' object is not subscriptable
11-19-2023 12:46:14: Start running script. Script path: 
11-19-2023 12:46:16: Traceback (most recent call last):
11-19-2023 12:46:16: File "/var/mobile/Library/ZXTouch/scripts/custom/pip.bdl/main.py", line 46, in <module>
11-19-2023 12:46:16: orientation = int(float(orientation_tuple[0][1]))
11-19-2023 12:46:16: TypeError: 'bool' object is not subscriptable
11-19-2023 12:47:35: Start running script. Script path: 
11-19-2023 12:48:24: Start running script. Script path: 
11-19-2023 12:48:35: Start running script. Script path: 
11-19-2023 12:48:51: Start running script. Script path: 
11-19-2023 12:49:03: Start running script. Script path: 
11-19-2023 12:49:22: Start running script. Script path: 
11-19-2023 12:50:04: Start running script. Script path: 
11-19-2023 12:50:37: Start running script. Script path: 
11-19-2023 12:51:19: Start running script. Script path: 
11-19-2023 12:51:40: Start running script. Script path: 
11-19-2023 12:54:25: Start running script. Script path: 
11-19-2023 13:05:13: Start running script. Script path: 
11-19-2023 13:05:13: 1
11-19-2023 13:17:18: Start running script. Script path: 
11-19-2023 13:17:19: Start running script. Script path: 
11-19-2023 13:18:00: Start running script. Script path: 
11-19-2023 13:18:01: Start running script. Script path: 
11-19-2023 13:18:28: Start running script. Script path: 
11-19-2023 13:18:32: Start running script. Script path: 
11-19-2023 13:18:32: Start running script. Script path: 
11-19-2023 13:18:41: Start running script. Script path: 
11-19-2023 13:18:41: Start running script. Script path: 
11-19-2023 13:19:48: Start running script. Script path: 
11-19-2023 13:19:49: Start running script. Script path: 
11-19-2023 13:19:49: Start running script. Script path: 
11-19-2023 13:19:50: Start running script. Script path: 
11-23-2023 09:17:52: Start running script. Script path: 
11-23-2023 09:17:53: 1
11-23-2023 09:17:54: Start running script. Script path: 
11-23-2023 09:17:54: 1
11-23-2023 09:18:10: Start running script. Script path: 
11-23-2023 09:18:10: 1
11-23-2023 09:18:15: Start running script. Script path: 
11-23-2023 09:18:30: Start running script. Script path: 
11-23-2023 09:26:34: Start running script. Script path: 
11-23-2023 09:26:50: Start running script. Script path: 
11-23-2023 09:27:52: Start running script. Script path: 
11-23-2023 09:30:13: Start running script. Script path: 
11-23-2023 09:33:54: Start running script. Script path: 
11-23-2023 09:33:54: 1
11-23-2023 09:33:54: Start running script. Script path: 
11-23-2023 09:33:55: 1
11-23-2023 09:33:58: Start running script. Script path: 
11-23-2023 09:33:59: 1
11-23-2023 09:34:21: Start running script. Script path: 
11-23-2023 09:34:23: Start running script. Script path: 
11-23-2023 09:34:49: Start running script. Script path: 
11-30-2023 08:55:27: Start running script. Script path: 
11-30-2023 08:56:30: Start running script. Script path: 
11-30-2023 08:56:39: Start running script. Script path: 
11-30-2023 09:14:28: Start running script. Script path: 
11-30-2023 09:14:31: Start running script. Script path: 
11-30-2023 09:14:32: Start running script. Script path: 
11-30-2023 09:14:33: Start running script. Script path: 
11-30-2023 09:14:56: Start running script. Script path: 
11-30-2023 09:14:57: Start running script. Script path: 
11-30-2023 09:15:26: Start running script. Script path: 
11-30-2023 09:15:29: Start running script. Script path: 
11-30-2023 09:15:30: Start running script. Script path: 
11-30-2023 09:15:31: Start running script. Script path: 
12-01-2023 11:10:52: Start running script. Script path: 
12-01-2023 11:10:53: Start running script. Script path: 
01-06-2024 11:42:19: Start running script. Script path: 
01-06-2024 11:43:53: Start running script. Script path: 
01-06-2024 11:46:35: Start running script. Script path: 
01-06-2024 11:46:42: Start running script. Script path: 
01-06-2024 11:52:05: Start running script. Script path: 
01-06-2024 11:52:10: Start running script. Script path: 
01-06-2024 11:52:24: Start running script. Script path: 
01-06-2024 11:52:52: Start running script. Script path: 
01-06-2024 11:52:58: Start running script. Script path: 
01-06-2024 11:54:15: Start running script. Script path: 
01-06-2024 12:03:32: Start running script. Script path: 
01-06-2024 12:05:21: Start running script. Script path: 
01-06-2024 12:06:16: Start running script. Script path: 
01-06-2024 12:06:29: Start running script. Script path: 
01-06-2024 12:38:19: Start running script. Script path: 
01-06-2024 12:38:38: Start running script. Script path: 
01-06-2024 12:39:39: Start running script. Script path: 
01-06-2024 12:39:46: Start running script. Script path: 
01-06-2024 12:40:20: Start running script. Script path: 
01-06-2024 12:40:41: Start running script. Script path: 
01-06-2024 12:40:44: Start running script. Script path: 
01-06-2024 12:40:47: Start running script. Script path: 
01-06-2024 12:40:50: Start running script. Script path: 
01-06-2024 12:42:09: Start running script. Script path: 
01-06-2024 12:44:39: Start running script. Script path: 
01-06-2024 12:44:49: Start running script. Script path: 
01-06-2024 12:45:06: Start running script. Script path: 
01-06-2024 12:45:16: Start running script. Script path: 
01-06-2024 12:50:15: Start running script. Script path: 
01-06-2024 12:50:19: Start running script. Script path: 
01-06-2024 12:50:38: Start running script. Script path: 
01-06-2024 13:02:11: Start running script. Script path: 
01-06-2024 13:02:23: Start running script. Script path: 
01-06-2024 13:02:48: Start running script. Script path: 
01-06-2024 13:04:39: Start running script. Script path: 
01-06-2024 13:08:02: Start running script. Script path: 
01-06-2024 13:08:35: Start running script. Script path: 
01-06-2024 13:08:51: Start running script. Script path: 
01-06-2024 13:09:50: Start running script. Script path: 
01-06-2024 13:10:28: Start running script. Script path: 
01-06-2024 13:10:52: Start running script. Script path: 
01-06-2024 13:11:10: Start running script. Script path: 
01-06-2024 13:11:18: Start running script. Script path: 
01-06-2024 13:12:06: Start running script. Script path: 
01-06-2024 13:12:13: Start running script. Script path: 
01-06-2024 13:12:59: Start running script. Script path: 
01-06-2024 13:13:32: Start running script. Script path: 
01-06-2024 13:14:04: Start running script. Script path: 
01-06-2024 13:14:04: Traceback (most recent call last):
01-06-2024 13:14:04: File "/var/mobile/Library/ZXTouch/scripts/custom/VPN.bdl/vpn.py", line 16, in <module>
01-06-2024 13:14:04: device.show_toast(TOAST_WARNING, "Enabling VPN in 5...", 0.5)
01-06-2024 13:14:04: File "/usr/lib/python3.7/site-packages/zxtouch/client.py", line 149, in show_toast
01-06-2024 13:14:04: return datahandler.decode_socket_data(self.s.recv(1024))
01-06-2024 13:14:04: File "/usr/lib/python3.7/site-packages/zxtouch/datahandler.py", line 21, in decode_socket_data
01-06-2024 13:14:04: if data[0] != "0":
01-06-2024 13:14:04: IndexError: string index out of range
01-06-2024 13:14:54: Start running script. Script path: 
01-06-2024 13:15:02: Start running script. Script path: 
01-06-2024 13:16:21: Start running script. Script path: 
01-06-2024 13:16:53: Start running script. Script path: 
01-06-2024 13:17:13: Start running script. Script path: 
01-06-2024 13:18:08: Start running script. Script path: 
01-06-2024 13:27:02: Start running script. Script path: 
01-06-2024 13:29:28: Start running script. Script path: 
01-06-2024 13:29:37: Start running script. Script path: 
01-06-2024 13:29:55: Start running script. Script path: 
01-06-2024 13:30:00: Start running script. Script path: 
01-06-2024 13:42:57: Start running script. Script path: 
01-06-2024 13:43:12: Start running script. Script path: 
01-06-2024 13:47:39: Start running script. Script path: 
01-06-2024 13:49:14: Start running script. Script path: 
01-06-2024 13:49:29: Start running script. Script path: 
01-06-2024 13:50:02: Start running script. Script path: 
01-06-2024 13:50:11: Start running script. Script path: 
01-06-2024 13:50:44: Start running script. Script path: 
01-06-2024 13:50:55: Start running script. Script path: 
01-06-2024 14:05:39: Start running script. Script path: 
01-06-2024 14:18:32: Start running script. Script path: 
01-06-2024 14:32:29: Start running script. Script path: 
01-07-2024 10:04:02: Start running script. Script path: 
01-09-2024 19:26:59: Start running script. Script path: 
01-09-2024 21:22:33: Start running script. Script path: 
01-09-2024 21:48:11: Start running script. Script path: 
01-10-2024 13:15:17: Start running script. Script path: 
01-12-2024 09:05:05: Start running script. Script path: 
01-12-2024 09:07:52: Start running script. Script path: 
01-12-2024 09:09:46: Start running script. Script path: 
01-12-2024 11:36:30: Start running script. Script path: 
01-13-2024 09:10:50: Start running script. Script path: 
01-13-2024 09:12:14: Start running script. Script path: 
01-13-2024 09:12:22: Start running script. Script path: 
01-13-2024 09:12:30: Start running script. Script path: 
01-13-2024 09:12:37: Start running script. Script path: 
01-13-2024 15:19:04: Start running script. Script path: 
01-13-2024 15:32:16: Start running script. Script path: 
01-13-2024 15:47:06: Start running script. Script path: 
01-13-2024 17:02:40: Start running script. Script path: 
01-13-2024 17:32:48: Start running script. Script path: 
01-13-2024 18:32:10: Start running script. Script path: 
01-14-2024 01:42:57: Start running script. Script path: 
01-14-2024 10:06:17: Start running script. Script path: 
01-14-2024 11:07:12: Start running script. Script path: 
01-15-2024 08:51:11: Start running script. Script path: 
01-15-2024 22:47:43: Start running script. Script path: 
01-16-2024 10:47:41: Start running script. Script path: 
01-18-2024 08:42:51: Start running script. Script path: 
01-18-2024 10:31:09: Start running script. Script path: 
01-18-2024 12:37:43: Start running script. Script path: 
01-18-2024 12:37:57: Start running script. Script path: 
01-18-2024 12:45:55: Start running script. Script path: 
01-18-2024 13:17:11: Start running script. Script path: 
01-18-2024 14:30:41: Start running script. Script path: 
01-18-2024 15:52:54: Start running script. Script path: 
01-18-2024 15:59:31: Start running script. Script path: 
01-19-2024 16:41:26: Start running script. Script path: 
01-19-2024 21:43:05: Start running script. Script path: 
01-19-2024 22:12:25: Start running script. Script path: 
01-20-2024 12:45:27: Start running script. Script path: 
01-20-2024 13:02:40: Start running script. Script path: 
01-20-2024 15:42:00: Start running script. Script path: 
01-20-2024 15:43:21: Start running script. Script path: 
01-20-2024 15:44:33: Start running script. Script path: 
01-20-2024 15:44:37: Traceback (most recent call last):
01-20-2024 15:44:37: File "/var/mobile/Library/ZXTouch/scripts/custom/VPN.bdl/vpn.py", line 29, in <module>
01-20-2024 15:44:37: device.show_toast(TOAST_SUCCESS, "VPN Enabled", 0)
01-20-2024 15:44:37: File "/usr/lib/python3.7/site-packages/zxtouch/client.py", line 149, in show_toast
01-20-2024 15:44:37: return datahandler.decode_socket_data(self.s.recv(1024))
01-20-2024 15:44:37: File "/usr/lib/python3.7/site-packages/zxtouch/datahandler.py", line 21, in decode_socket_data
01-20-2024 15:44:37: if data[0] != "0":
01-20-2024 15:44:37: IndexError: string index out of range
01-20-2024 15:45:33: Start running script. Script path: 
01-20-2024 15:47:14: Start running script. Script path: 
01-20-2024 15:51:07: Start running script. Script path: 
01-20-2024 16:00:19: Start running script. Script path: 
01-20-2024 16:02:21: Start running script. Script path: 
01-20-2024 18:28:42: Start running script. Script path: 
01-20-2024 18:33:00: Start running script. Script path: 
01-20-2024 21:15:25: Start running script. Script path: 
01-21-2024 08:50:06: Start running script. Script path: 
01-23-2024 02:03:19: Start running script. Script path: 
01-23-2024 15:47:39: Start running script. Script path: 
01-23-2024 16:43:40: Start running script. Script path: 
01-25-2024 22:45:12: Start running script. Script path: 
01-26-2024 00:25:59: Start running script. Script path: 
01-26-2024 00:49:41: Start running script. Script path: 
01-26-2024 09:01:35: Start running script. Script path: 
01-26-2024 11:29:30: Start running script. Script path: 
01-28-2024 22:02:20: Start running script. Script path: 
01-29-2024 14:43:11: Start running script. Script path: 
02-01-2024 09:32:43: Start running script. Script path: 
02-01-2024 11:03:09: Start running script. Script path: 
02-01-2024 11:03:09: File "<fstring>", line 1
02-01-2024 11:03:09: (r= )
02-01-2024 11:03:09: ^
02-01-2024 11:03:09: SyntaxError: invalid syntax
02-01-2024 11:03:11: Start running script. Script path: 
02-01-2024 11:03:11: File "<fstring>", line 1
02-01-2024 11:03:11: (r= )
02-01-2024 11:03:11: ^
02-01-2024 11:03:11: SyntaxError: invalid syntax
02-01-2024 11:03:48: Start running script. Script path: 
02-01-2024 11:03:48: File "<fstring>", line 1
02-01-2024 11:03:48: (r= )
02-01-2024 11:03:48: ^
02-01-2024 11:03:48: SyntaxError: invalid syntax
02-01-2024 11:31:15: Start running script. Script path: 
02-01-2024 12:00:16: Start running script. Script path: 
02-01-2024 12:00:21: Start running script. Script path: 
02-01-2024 12:00:38: Start running script. Script path: 
02-01-2024 12:00:50: Start running script. Script path: 
02-01-2024 12:02:06: Start running script. Script path: 
02-01-2024 12:02:35: Start running script. Script path: 
02-01-2024 12:04:13: Start running script. Script path: 
02-01-2024 12:05:28: Start running script. Script path: 
02-01-2024 12:06:08: Start running script. Script path: 
02-01-2024 12:06:42: Start running script. Script path: 
02-01-2024 12:07:18: Start running script. Script path: 
02-01-2024 12:23:06: Start running script. Script path: 
02-01-2024 12:23:56: Start running script. Script path: 
02-01-2024 12:24:05: Start running script. Script path: 
02-01-2024 14:06:45: Start running script. Script path: 
02-01-2024 14:07:15: Start running script. Script path: 
02-01-2024 14:23:34: Start running script. Script path: 
02-01-2024 15:11:37: Start running script. Script path: 
02-01-2024 15:11:45: Start running script. Script path: 
02-01-2024 15:12:57: Start running script. Script path: 
02-01-2024 15:13:07: Start running script. Script path: 
02-01-2024 15:13:14: Start running script. Script path: 
02-01-2024 15:13:41: Start running script. Script path: 
02-01-2024 17:33:09: Start running script. Script path: 
02-01-2024 18:00:28: Start running script. Script path: 
02-02-2024 11:49:06: Start running script. Script path: 
02-02-2024 11:49:13: Start running script. Script path: 
02-02-2024 11:49:45: Start running script. Script path: 
02-02-2024 11:50:01: Start running script. Script path: 
02-02-2024 11:50:33: Start running script. Script path: 
02-02-2024 11:50:49: Start running script. Script path: 
02-02-2024 11:51:09: Start running script. Script path: 
02-02-2024 11:51:33: Start running script. Script path: 
02-02-2024 11:51:44: Start running script. Script path: 
02-02-2024 11:52:01: Start running script. Script path: 
02-02-2024 11:52:20: Start running script. Script path: 
02-02-2024 11:52:56: Start running script. Script path: 
02-02-2024 11:53:04: Start running script. Script path: 
02-02-2024 11:53:43: Start running script. Script path: 
02-02-2024 11:54:55: Start running script. Script path: 
02-02-2024 11:55:34: Start running script. Script path: 
02-02-2024 11:56:04: Start running script. Script path: 
02-02-2024 11:56:48: Start running script. Script path: 
02-02-2024 11:57:09: Start running script. Script path: 
02-02-2024 11:57:22: Start running script. Script path: 
02-02-2024 11:57:37: Start running script. Script path: 
02-02-2024 11:57:55: Start running script. Script path: 
02-02-2024 11:58:08: Start running script. Script path: 
02-02-2024 11:58:28: Start running script. Script path: 
02-02-2024 11:58:45: Start running script. Script path: 
02-02-2024 11:59:39: Start running script. Script path: 
02-02-2024 11:59:54: Start running script. Script path: 
02-02-2024 12:00:12: Start running script. Script path: 
02-02-2024 12:00:23: Start running script. Script path: 
02-02-2024 12:00:31: Start running script. Script path: 
02-02-2024 12:00:42: Start running script. Script path: 
02-02-2024 12:03:07: Start running script. Script path: 
02-02-2024 12:03:24: Start running script. Script path: 
02-02-2024 12:03:37: Start running script. Script path: 
02-02-2024 12:03:57: Start running script. Script path: 
02-02-2024 12:04:12: Start running script. Script path: 
02-02-2024 12:04:25: Start running script. Script path: 
02-02-2024 12:05:22: Start running script. Script path: 
02-02-2024 12:05:43: Start running script. Script path: 
02-02-2024 12:06:04: Start running script. Script path: 
02-02-2024 12:06:08: Start running script. Script path: 
02-02-2024 12:06:50: Start running script. Script path: 
02-02-2024 12:06:53: Start running script. Script path: 
02-02-2024 12:07:05: Start running script. Script path: 
02-02-2024 12:07:07: Start running script. Script path: 
02-02-2024 12:07:12: Start running script. Script path: 
02-02-2024 12:07:24: Start running script. Script path: 
02-02-2024 12:07:42: Start running script. Script path: 
02-02-2024 12:08:05: Start running script. Script path: 
02-02-2024 12:08:09: Start running script. Script path: 
02-02-2024 12:23:21: Start running script. Script path: 
02-02-2024 12:26:55: Start running script. Script path: 
02-03-2024 12:22:04: Start running script. Script path: 
02-03-2024 12:23:36: Start running script. Script path: 
02-03-2024 12:24:36: Start running script. Script path: 
02-03-2024 12:24:51: Start running script. Script path: 
02-03-2024 12:28:08: Start running script. Script path: 
02-03-2024 12:30:18: Start running script. Script path: 
02-03-2024 15:14:20: Start running script. Script path: 
02-03-2024 15:16:00: Start running script. Script path: 
02-05-2024 11:02:51: Start running script. Script path: 
02-05-2024 12:00:37: Start running script. Script path: 
02-05-2024 12:19:55: Start running script. Script path: 
02-05-2024 12:25:19: Start running script. Script path: 
02-05-2024 13:46:15: Start running script. Script path: 
02-05-2024 14:31:42: Start running script. Script path: 
02-06-2024 16:51:22: Start running script. Script path: 
02-06-2024 18:15:24: Start running script. Script path: 
02-06-2024 19:25:15: Start running script. Script path: 
02-07-2024 09:20:55: Start running script. Script path: 
02-07-2024 10:10:34: Start running script. Script path: 
02-07-2024 11:02:58: Start running script. Script path: 
02-07-2024 11:05:06: Start running script. Script path: 
02-07-2024 11:08:53: Start running script. Script path: 
02-07-2024 11:10:29: Start running script. Script path: 
02-07-2024 12:22:25: Start running script. Script path: 
02-09-2024 00:16:42: Start running script. Script path: 
02-10-2024 00:15:40: Start running script. Script path: 
02-13-2024 13:42:34: Start running script. Script path: 
02-14-2024 14:48:44: Start running script. Script path: 
02-14-2024 14:56:11: Start running script. Script path: 
02-14-2024 15:00:07: Start running script. Script path: 
02-14-2024 15:00:23: Start running script. Script path: 
02-15-2024 11:56:56: Start running script. Script path: 
02-16-2024 08:21:23: Start running script. Script path: 
02-17-2024 12:51:58: Start running script. Script path: 
02-17-2024 22:39:00: Start running script. Script path: 
02-17-2024 23:00:25: Start running script. Script path: 
02-17-2024 23:30:26: Start running script. Script path: 
02-18-2024 10:14:25: Start running script. Script path: 
02-18-2024 10:15:15: Start running script. Script path: 
02-18-2024 10:24:46: Start running script. Script path: 
02-18-2024 10:30:41: Start running script. Script path: 
02-18-2024 22:00:34: Start running script. Script path: 
02-20-2024 09:18:44: Start running script. Script path: 
02-20-2024 09:19:22: Start running script. Script path: 
02-20-2024 09:21:30: Start running script. Script path: 
02-20-2024 09:25:53: Start running script. Script path: 
02-20-2024 09:25:57: Start running script. Script path: 
02-20-2024 09:26:24: Start running script. Script path: 
02-20-2024 09:26:24: Traceback (most recent call last):
02-20-2024 09:26:24: File "/var/mobile/Library/ZXTouch/scripts/custom/VPN.bdl/vpn.py", line 24, in <module>
02-20-2024 09:26:24: initial_app = subprocess.check_output(["activator", "current-app"])
02-20-2024 09:26:24: NameError: name 'subprocess' is not defined
02-20-2024 09:26:46: Start running script. Script path: 
02-20-2024 09:26:46: Traceback (most recent call last):
02-20-2024 09:26:46: File "/var/mobile/Library/ZXTouch/scripts/custom/VPN.bdl/vpn.py", line 24, in <module>
02-20-2024 09:26:46: initial_app = subprocess.check_output(["activator", "current-app"])
02-20-2024 09:26:46: NameError: name 'subprocess' is not defined
02-20-2024 09:26:59: Start running script. Script path: 
02-20-2024 09:26:59: Traceback (most recent call last):
02-20-2024 09:26:59: File "/var/mobile/Library/ZXTouch/scripts/custom/VPN.bdl/vpn.py", line 24, in <module>
02-20-2024 09:26:59: initial_app = subprocess.check_output(["activator", "current-app"])
02-20-2024 09:26:59: NameError: name 'subprocess' is not defined
02-20-2024 09:27:06: Start running script. Script path: 
02-20-2024 09:27:06: Traceback (most recent call last):
02-20-2024 09:27:06: File "/var/mobile/Library/ZXTouch/scripts/custom/VPN.bdl/vpn.py", line 24, in <module>
02-20-2024 09:27:06: initial_app = subprocess.check_output(["activator", "current-app"])
02-20-2024 09:27:06: NameError: name 'subprocess' is not defined
02-20-2024 09:27:23: Start running script. Script path: 
02-20-2024 09:27:59: Start running script. Script path: 
02-20-2024 09:27:59: Traceback (most recent call last):
02-20-2024 09:27:59: File "/var/mobile/Library/ZXTouch/scripts/custom/VPN.bdl/vpn.py", line 24, in <module>
02-20-2024 09:27:59: initial_app = subprocess.check_output(["activator", "current-app"])
02-20-2024 09:27:59: NameError: name 'subprocess' is not defined
02-20-2024 09:28:21: Start running script. Script path: 
02-20-2024 09:31:13: Start running script. Script path: 
02-20-2024 09:32:22: Start running script. Script path: 
02-20-2024 09:37:53: Start running script. Script path: 
02-20-2024 09:37:53: File "/var/mobile/Library/ZXTouch/scripts/custom/VPN.bdl/vpn.py", line 31
02-20-2024 09:37:53: return
02-20-2024 09:37:53: ^
02-20-2024 09:37:53: SyntaxError: 'return' outside function
02-20-2024 09:37:58: Start running script. Script path: 
02-20-2024 09:37:58: File "/var/mobile/Library/ZXTouch/scripts/custom/VPN.bdl/vpn.py", line 31
02-20-2024 09:37:58: return
02-20-2024 09:37:58: ^
02-20-2024 09:37:58: SyntaxError: 'return' outside function
02-20-2024 09:38:06: Start running script. Script path: 
02-20-2024 09:38:06: File "/var/mobile/Library/ZXTouch/scripts/custom/VPN.bdl/vpn.py", line 31
02-20-2024 09:38:06: return
02-20-2024 09:38:06: ^
02-20-2024 09:38:06: SyntaxError: 'return' outside function
02-20-2024 09:38:38: Start running script. Script path: 
02-20-2024 09:38:38: File "/var/mobile/Library/ZXTouch/scripts/custom/VPN.bdl/vpn.py", line 31
02-20-2024 09:38:38: return
02-20-2024 09:38:38: ^
02-20-2024 09:38:38: SyntaxError: 'return' outside function
02-20-2024 09:38:55: Start running script. Script path: 
02-20-2024 09:38:55: File "/var/mobile/Library/ZXTouch/scripts/custom/VPN.bdl/vpn.py", line 31
02-20-2024 09:38:55: return
02-20-2024 09:38:55: ^
02-20-2024 09:38:55: SyntaxError: 'return' outside function
02-20-2024 09:40:13: Start running script. Script path: 
02-20-2024 09:40:13: File "/var/mobile/Library/ZXTouch/scripts/custom/VPN.bdl/vpn.py", line 25
02-20-2024 09:40:13: return
02-20-2024 09:40:13: ^
02-20-2024 09:40:13: SyntaxError: 'return' outside function
02-20-2024 09:40:34: Start running script. Script path: 
02-20-2024 09:40:34: File "/var/mobile/Library/ZXTouch/scripts/custom/VPN.bdl/vpn.py", line 23
02-20-2024 09:40:34: return
02-20-2024 09:40:34: ^
02-20-2024 09:40:34: SyntaxError: 'return' outside function
02-20-2024 09:40:37: Start running script. Script path: 
02-20-2024 09:40:37: File "/var/mobile/Library/ZXTouch/scripts/custom/VPN.bdl/vpn.py", line 23
02-20-2024 09:40:37: return
02-20-2024 09:40:37: ^
02-20-2024 09:40:37: SyntaxError: 'return' outside function
02-20-2024 09:40:50: Start running script. Script path: 
02-20-2024 09:40:50: File "/var/mobile/Library/ZXTouch/scripts/custom/VPN.bdl/vpn.py", line 22
02-20-2024 09:40:50: return
02-20-2024 09:40:50: ^
02-20-2024 09:40:50: SyntaxError: 'return' outside function
02-20-2024 09:41:04: Start running script. Script path: 
02-20-2024 09:41:04: File "/var/mobile/Library/ZXTouch/scripts/custom/VPN.bdl/vpn.py", line 22
02-20-2024 09:41:04: return
02-20-2024 09:41:04: ^
02-20-2024 09:41:04: SyntaxError: 'return' outside function
02-20-2024 09:41:54: Start running script. Script path: 
02-20-2024 09:41:54: File "/var/mobile/Library/ZXTouch/scripts/custom/VPN.bdl/vpn.py", line 20
02-20-2024 09:41:54: return
02-20-2024 09:41:54: ^
02-20-2024 09:41:54: SyntaxError: 'return' outside function
02-20-2024 09:41:58: Start running script. Script path: 
02-20-2024 09:41:58: File "/var/mobile/Library/ZXTouch/scripts/custom/VPN.bdl/vpn.py", line 20
02-20-2024 09:41:58: return
02-20-2024 09:41:58: ^
02-20-2024 09:41:58: SyntaxError: 'return' outside function
02-20-2024 09:42:09: Start running script. Script path: 
02-20-2024 09:42:09: File "/var/mobile/Library/ZXTouch/scripts/custom/VPN.bdl/vpn.py", line 20
02-20-2024 09:42:09: return
02-20-2024 09:42:09: ^
02-20-2024 09:42:09: SyntaxError: 'return' outside function
02-20-2024 09:42:40: Start running script. Script path: 
02-20-2024 09:54:01: Start running script. Script path: 
02-20-2024 09:54:05: Start running script. Script path: 
02-20-2024 09:54:10: Start running script. Script path: 
02-20-2024 09:54:14: Start running script. Script path: 
02-20-2024 09:54:20: Start running script. Script path: 
02-20-2024 09:54:25: Start running script. Script path: 
02-20-2024 09:54:35: Start running script. Script path: 
02-20-2024 09:54:54: Start running script. Script path: 
02-20-2024 09:57:54: Start running script. Script path: 
02-20-2024 09:57:57: Start running script. Script path: 
02-20-2024 09:58:11: Start running script. Script path: 
02-20-2024 09:58:14: Start running script. Script path: 
02-20-2024 09:58:37: Start running script. Script path: 
02-20-2024 09:58:56: Start running script. Script path: 
02-20-2024 09:59:28: Start running script. Script path: 
02-20-2024 10:01:41: Start running script. Script path: 
02-20-2024 10:01:47: Start running script. Script path: 
02-20-2024 10:02:03: Start running script. Script path: 
02-20-2024 10:04:15: Start running script. Script path: 
02-20-2024 10:04:18: Start running script. Script path: 
02-20-2024 10:04:23: Start running script. Script path: 
02-20-2024 10:06:25: Start running script. Script path: 
02-20-2024 10:06:29: Start running script. Script path: 
02-20-2024 10:06:42: Start running script. Script path: 
02-20-2024 10:08:31: Start running script. Script path: 
02-20-2024 10:08:36: Start running script. Script path: 
02-20-2024 10:27:25: Start running script. Script path: 
02-20-2024 12:52:21: Start running script. Script path: 
02-20-2024 13:00:21: Start running script. Script path: 
02-20-2024 13:11:08: Start running script. Script path: 
02-20-2024 13:11:23: Start running script. Script path: 
02-21-2024 08:28:52: Start running script. Script path: 
02-21-2024 08:44:26: Start running script. Script path: 
02-21-2024 08:44:38: Start running script. Script path: 
02-21-2024 08:44:42: Start running script. Script path: 
02-21-2024 09:04:01: Start running script. Script path: 
02-21-2024 10:18:41: Start running script. Script path: 
02-21-2024 20:21:37: Start running script. Script path: 
02-21-2024 20:21:53: Start running script. Script path: 
02-25-2024 20:10:28: Start running script. Script path: 
02-26-2024 11:40:31: Start running script. Script path: 
02-26-2024 11:40:37: Start running script. Script path: 
02-26-2024 11:40:54: Start running script. Script path: 
02-26-2024 11:56:26: Start running script. Script path: 
02-26-2024 11:57:14: Start running script. Script path: 
02-26-2024 11:57:28: Start running script. Script path: 
02-26-2024 11:57:49: Start running script. Script path: 
02-26-2024 11:57:50: Traceback (most recent call last):
02-26-2024 11:57:50: File "/var/mobile/Library/ZXTouch/scripts/custom/VPN.bdl/vpn.py", line 26, in <module>
02-26-2024 11:57:50: abort(network_info)
02-26-2024 11:57:50: File "/var/mobile/Library/ZXTouch/scripts/custom/VPN.bdl/vpn.py", line 19, in abort
02-26-2024 11:57:50: device.show_toast(TOAST_MESSAGE, f"abort {msg}", 1)
02-26-2024 11:57:50: File "/usr/lib/python3.7/site-packages/zxtouch/client.py", line 149, in show_toast
02-26-2024 11:57:50: return datahandler.decode_socket_data(self.s.recv(1024))
02-26-2024 11:57:50: File "/usr/lib/python3.7/site-packages/zxtouch/datahandler.py", line 21, in decode_socket_data
02-26-2024 11:57:50: if data[0] != "0":
02-26-2024 11:57:50: IndexError: string index out of range
02-26-2024 12:04:43: Start running script. Script path: 
02-26-2024 12:06:10: Start running script. Script path: 
02-26-2024 12:06:15: Start running script. Script path: 
02-26-2024 12:06:32: Start running script. Script path: 
02-26-2024 12:10:04: Start running script. Script path: 
02-26-2024 12:10:24: Start running script. Script path: 
02-26-2024 12:10:36: Start running script. Script path: 
02-26-2024 12:11:07: Start running script. Script path: 
02-26-2024 12:11:18: Start running script. Script path: 
02-26-2024 12:11:23: Start running script. Script path: 
02-26-2024 12:11:46: Start running script. Script path: 
02-26-2024 12:12:07: Start running script. Script path: 
02-26-2024 12:12:12: Start running script. Script path: 
02-26-2024 12:12:20: Start running script. Script path: 
02-26-2024 12:12:49: Start running script. Script path: 
02-26-2024 12:12:56: Start running script. Script path: 
02-26-2024 12:13:00: Start running script. Script path: 
02-26-2024 12:13:20: Start running script. Script path: 
02-26-2024 12:13:22: Start running script. Script path: 
02-26-2024 12:13:27: Start running script. Script path: 
02-26-2024 12:14:24: Start running script. Script path: 
02-26-2024 12:14:28: Start running script. Script path: 
02-26-2024 12:14:33: Start running script. Script path: 
02-26-2024 12:14:47: Start running script. Script path: 
02-26-2024 12:14:51: Start running script. Script path: 
02-26-2024 12:15:56: Start running script. Script path: 
02-26-2024 12:16:00: Start running script. Script path: 
02-26-2024 12:16:05: Start running script. Script path: 
02-26-2024 12:16:10: Start running script. Script path: 
02-26-2024 12:16:14: Start running script. Script path: 
02-26-2024 12:16:51: Start running script. Script path: 
02-26-2024 12:16:55: Start running script. Script path: 
02-26-2024 12:17:07: Start running script. Script path: 
02-26-2024 12:17:09: Start running script. Script path: 
02-26-2024 12:17:13: Start running script. Script path: 
02-26-2024 12:17:17: Start running script. Script path: 
02-26-2024 12:17:22: Start running script. Script path: 
02-26-2024 12:18:15: Start running script. Script path: 
02-26-2024 12:18:17: Start running script. Script path: 
02-26-2024 12:19:11: Start running script. Script path: 
02-26-2024 12:19:14: Start running script. Script path: 
02-26-2024 12:19:30: Start running script. Script path: 
02-26-2024 12:19:33: Start running script. Script path: 
02-26-2024 12:19:36: Start running script. Script path: 
02-26-2024 12:19:52: Start running script. Script path: 
02-26-2024 12:20:43: Start running script. Script path: 
02-26-2024 12:20:46: Start running script. Script path: 
02-26-2024 12:21:02: Start running script. Script path: 
02-26-2024 12:21:05: Start running script. Script path: 
02-26-2024 12:21:09: Start running script. Script path: 
02-26-2024 12:21:11: Start running script. Script path: 
02-26-2024 12:21:14: Start running script. Script path: 
02-26-2024 12:21:16: Start running script. Script path: 
02-26-2024 12:21:18: Start running script. Script path: 
02-26-2024 12:21:31: Start running script. Script path: 
02-26-2024 12:21:58: Start running script. Script path: 
02-26-2024 12:21:58: Traceback (most recent call last):
02-26-2024 12:21:58: File "/var/mobile/Library/ZXTouch/scripts/custom/VPN.bdl/vpn.py", line 35, in <module>
02-26-2024 12:21:58: if "" == initial_app:
02-26-2024 12:21:58: NameError: name 'initial_app' is not defined
02-26-2024 12:22:02: Start running script. Script path: 
02-26-2024 12:22:03: Traceback (most recent call last):
02-26-2024 12:22:03: File "/var/mobile/Library/ZXTouch/scripts/custom/VPN.bdl/vpn.py", line 35, in <module>
02-26-2024 12:22:03: if "" == initial_app:
02-26-2024 12:22:03: NameError: name 'initial_app' is not defined
02-26-2024 12:22:50: Start running script. Script path: 
02-26-2024 12:22:57: Start running script. Script path: 
02-26-2024 12:23:01: Start running script. Script path: 
02-26-2024 12:23:34: Start running script. Script path: 
02-26-2024 12:23:35: Start running script. Script path: 
02-26-2024 12:23:37: Start running script. Script path: 
02-26-2024 12:23:39: Start running script. Script path: 
02-26-2024 12:23:42: Start running script. Script path: 
02-26-2024 12:25:09: Start running script. Script path: 
02-26-2024 12:25:13: Start running script. Script path: 
02-26-2024 12:25:17: Start running script. Script path: 
02-26-2024 12:25:21: Start running script. Script path: 
02-26-2024 12:26:11: Start running script. Script path: 
02-26-2024 12:26:13: Start running script. Script path: 
02-26-2024 12:54:57: Start running script. Script path: 
02-26-2024 12:54:58: Traceback (most recent call last):
02-26-2024 12:54:58: File "/var/mobile/Library/ZXTouch/scripts/custom/VPN.bdl/vpn.py", line 36, in <module>
02-26-2024 12:54:58: vpnignore_time = subprocess.check_output(["head", "-1", "~/tmp/vpnignore"], check=False)
02-26-2024 12:54:58: File "/usr/lib/python3.7/subprocess.py", line 395, in check_output
02-26-2024 12:54:58: **kwargs).stdout
02-26-2024 12:54:58: TypeError: run() got multiple values for keyword argument 'check'
02-26-2024 12:55:07: Start running script. Script path: 
02-26-2024 12:55:08: Traceback (most recent call last):
02-26-2024 12:55:08: File "/var/mobile/Library/ZXTouch/scripts/custom/VPN.bdl/vpn.py", line 36, in <module>
02-26-2024 12:55:08: vpnignore_time = subprocess.check_output(["head", "-1", "~/tmp/vpnignore.txt"], check=False)
02-26-2024 12:55:08: File "/usr/lib/python3.7/subprocess.py", line 395, in check_output
02-26-2024 12:55:08: **kwargs).stdout
02-26-2024 12:55:08: TypeError: run() got multiple values for keyword argument 'check'
02-26-2024 12:55:18: Start running script. Script path: 
02-26-2024 12:55:32: Start running script. Script path: 
02-26-2024 12:55:43: Start running script. Script path: 
02-26-2024 12:55:43: Traceback (most recent call last):
02-26-2024 12:55:43: File "/var/mobile/Library/ZXTouch/scripts/custom/VPN.bdl/vpn.py", line 37, in <module>
02-26-2024 12:55:43: vpnignore_time = subprocess.check_output(["head", "-1", "~/tmp/vpnignore.txt"], check=False)
02-26-2024 12:55:43: File "/usr/lib/python3.7/subprocess.py", line 395, in check_output
02-26-2024 12:55:43: **kwargs).stdout
02-26-2024 12:55:43: TypeError: run() got multiple values for keyword argument 'check'
02-26-2024 12:55:51: Start running script. Script path: 
02-26-2024 12:55:51: Traceback (most recent call last):
02-26-2024 12:55:51: File "/var/mobile/Library/ZXTouch/scripts/custom/VPN.bdl/vpn.py", line 37, in <module>
02-26-2024 12:55:51: vpnignore_time = subprocess.check_output(["head", "-1", "~/tmp/vpnignore.txt"], shell=False, check=False)
02-26-2024 12:55:51: File "/usr/lib/python3.7/subprocess.py", line 395, in check_output
02-26-2024 12:55:51: **kwargs).stdout
02-26-2024 12:55:51: TypeError: run() got multiple values for keyword argument 'check'
02-26-2024 12:55:56: Start running script. Script path: 
02-26-2024 12:55:56: Traceback (most recent call last):
02-26-2024 12:55:56: File "/var/mobile/Library/ZXTouch/scripts/custom/VPN.bdl/vpn.py", line 37, in <module>
02-26-2024 12:55:56: vpnignore_time = subprocess.check_output(["head", "-1", "~/tmp/vpnignore.txt"], shell=True, check=False)
02-26-2024 12:55:56: File "/usr/lib/python3.7/subprocess.py", line 395, in check_output
02-26-2024 12:55:56: **kwargs).stdout
02-26-2024 12:55:56: TypeError: run() got multiple values for keyword argument 'check'
02-26-2024 13:05:36: Start running script. Script path: 
02-26-2024 13:05:37: Traceback (most recent call last):
02-26-2024 13:05:37: File "/var/mobile/Library/ZXTouch/scripts/custom/VPN.bdl/vpn.py", line 38, in <module>
02-26-2024 13:05:37: vpnignore_time = os.path.getmtime('/tmp/vpnignore')
02-26-2024 13:05:37: File "/usr/lib/python3.7/genericpath.py", line 55, in getmtime
02-26-2024 13:05:37: return os.stat(filename).st_mtime
02-26-2024 13:05:37: FileNotFoundError: [Errno 2] No such file or directory: '/tmp/vpnignore'
02-26-2024 13:07:02: Start running script. Script path: 
02-26-2024 13:07:02: File "/var/mobile/Library/ZXTouch/scripts/custom/VPN.bdl/vpn.py", line 41
02-26-2024 13:07:02: except Exception, e:
02-26-2024 13:07:02: ^
02-26-2024 13:07:02: SyntaxError: invalid syntax
02-26-2024 13:07:10: Start running script. Script path: 
02-26-2024 13:07:10: Traceback (most recent call last):
02-26-2024 13:07:11: File "/var/mobile/Library/ZXTouch/scripts/custom/VPN.bdl/vpn.py", line 39, in <module>
02-26-2024 13:07:11: vpnignore_time = os.path.getmtime('/tmp/vpnignore')
02-26-2024 13:07:11: File "/usr/lib/python3.7/genericpath.py", line 55, in getmtime
02-26-2024 13:07:11: return os.stat(filename).st_mtime
02-26-2024 13:07:11: FileNotFoundError: [Errno 2] No such file or directory: '/tmp/vpnignore'
02-26-2024 13:07:11: 
02-26-2024 13:07:11: During handling of the above exception, another exception occurred:
02-26-2024 13:07:11: 
02-26-2024 13:07:11: Traceback (most recent call last):
02-26-2024 13:07:11: File "/var/mobile/Library/ZXTouch/scripts/custom/VPN.bdl/vpn.py", line 42, in <module>
02-26-2024 13:07:11: device.show_toast(TOAST_WARNING, f"vpnignore missing")
02-26-2024 13:07:11: TypeError: show_toast() missing 1 required positional argument: 'duration'
02-26-2024 13:07:24: Start running script. Script path: 
02-26-2024 13:08:38: Start running script. Script path: 
02-26-2024 13:09:14: Start running script. Script path: 
02-26-2024 13:14:27: Start running script. Script path: 
02-26-2024 13:14:36: Start running script. Script path: 
02-26-2024 13:14:36: vpn: 1708974550.679169
02-26-2024 13:14:36: now: 1708974876.411435
02-26-2024 13:14:36: Traceback (most recent call last):
02-26-2024 13:14:36: File "/var/mobile/Library/ZXTouch/scripts/custom/VPN.bdl/vpn.py", line 44, in <module>
02-26-2024 13:14:36: abort("ignore")
02-26-2024 13:14:36: File "/var/mobile/Library/ZXTouch/scripts/custom/VPN.bdl/vpn.py", line 23, in abort
02-26-2024 13:14:36: sys.exit()
02-26-2024 13:14:36: SystemExit
02-26-2024 13:14:36: 
02-26-2024 13:14:36: During handling of the above exception, another exception occurred:
02-26-2024 13:14:36: 
02-26-2024 13:14:36: Traceback (most recent call last):
02-26-2024 13:14:36: File "/var/mobile/Library/ZXTouch/scripts/custom/VPN.bdl/vpn.py", line 46, in <module>
02-26-2024 13:14:36: device.show_toast(TOAST_WARNING, f"vpnignore file missing", 2)
02-26-2024 13:14:36: File "/usr/lib/python3.7/site-packages/zxtouch/client.py", line 148, in show_toast
02-26-2024 13:14:36: fontSize))
02-26-2024 13:14:36: OSError: [Errno 9] Bad file descriptor
02-26-2024 13:14:47: Start running script. Script path: 
02-26-2024 13:14:47: vpn: 1708974550.679169
02-26-2024 13:14:47: now: 1708974887.673412
02-26-2024 13:14:47: Traceback (most recent call last):
02-26-2024 13:14:47: File "/var/mobile/Library/ZXTouch/scripts/custom/VPN.bdl/vpn.py", line 44, in <module>
02-26-2024 13:14:47: abort("ignore")
02-26-2024 13:14:47: File "/var/mobile/Library/ZXTouch/scripts/custom/VPN.bdl/vpn.py", line 23, in abort
02-26-2024 13:14:47: sys.exit()
02-26-2024 13:14:47: SystemExit
02-26-2024 13:14:47: 
02-26-2024 13:14:47: During handling of the above exception, another exception occurred:
02-26-2024 13:14:47: 
02-26-2024 13:14:47: Traceback (most recent call last):
02-26-2024 13:14:47: File "/var/mobile/Library/ZXTouch/scripts/custom/VPN.bdl/vpn.py", line 46, in <module>
02-26-2024 13:14:47: device.show_toast(TOAST_WARNING, f"vpnignore file missing", 2)
02-26-2024 13:14:47: File "/usr/lib/python3.7/site-packages/zxtouch/client.py", line 148, in show_toast
02-26-2024 13:14:47: fontSize))
02-26-2024 13:14:47: OSError: [Errno 9] Bad file descriptor
02-26-2024 13:14:51: Start running script. Script path: 
02-26-2024 13:14:51: vpn: 1708974550.679169
02-26-2024 13:14:51: now: 1708974891.283359
02-26-2024 13:14:51: Traceback (most recent call last):
02-26-2024 13:14:51: File "/var/mobile/Library/ZXTouch/scripts/custom/VPN.bdl/vpn.py", line 44, in <module>
02-26-2024 13:14:51: abort("ignore")
02-26-2024 13:14:51: File "/var/mobile/Library/ZXTouch/scripts/custom/VPN.bdl/vpn.py", line 23, in abort
02-26-2024 13:14:51: sys.exit()
02-26-2024 13:14:51: SystemExit
02-26-2024 13:14:51: 
02-26-2024 13:14:51: During handling of the above exception, another exception occurred:
02-26-2024 13:14:51: 
02-26-2024 13:14:51: Traceback (most recent call last):
02-26-2024 13:14:51: File "/var/mobile/Library/ZXTouch/scripts/custom/VPN.bdl/vpn.py", line 46, in <module>
02-26-2024 13:14:51: device.show_toast(TOAST_WARNING, f"vpnignore file missing", 2)
02-26-2024 13:14:51: File "/usr/lib/python3.7/site-packages/zxtouch/client.py", line 148, in show_toast
02-26-2024 13:14:51: fontSize))
02-26-2024 13:14:51: OSError: [Errno 9] Bad file descriptor
02-26-2024 13:15:56: Start running script. Script path: 
02-26-2024 13:15:56: Traceback (most recent call last):
02-26-2024 13:15:56: File "/var/mobile/Library/ZXTouch/scripts/custom/VPN.bdl/vpn.py", line 43, in <module>
02-26-2024 13:15:56: abort("ignore")
02-26-2024 13:15:56: File "/var/mobile/Library/ZXTouch/scripts/custom/VPN.bdl/vpn.py", line 23, in abort
02-26-2024 13:15:56: sys.exit()
02-26-2024 13:15:56: SystemExit
02-26-2024 13:15:56: 
02-26-2024 13:15:56: During handling of the above exception, another exception occurred:
02-26-2024 13:15:56: 
02-26-2024 13:15:56: Traceback (most recent call last):
02-26-2024 13:15:56: File "/var/mobile/Library/ZXTouch/scripts/custom/VPN.bdl/vpn.py", line 45, in <module>
02-26-2024 13:15:56: device.show_toast(TOAST_WARNING, f"vpnignore file missing", 2)
02-26-2024 13:15:56: File "/usr/lib/python3.7/site-packages/zxtouch/client.py", line 148, in show_toast
02-26-2024 13:15:56: fontSize))
02-26-2024 13:15:56: OSError: [Errno 9] Bad file descriptor
02-26-2024 13:16:26: Start running script. Script path: 
02-26-2024 13:16:27: Traceback (most recent call last):
02-26-2024 13:16:27: File "/var/mobile/Library/ZXTouch/scripts/custom/VPN.bdl/vpn.py", line 43, in <module>
02-26-2024 13:16:27: abort("ignore")
02-26-2024 13:16:27: File "/var/mobile/Library/ZXTouch/scripts/custom/VPN.bdl/vpn.py", line 23, in abort
02-26-2024 13:16:27: sys.exit()
02-26-2024 13:16:27: SystemExit
02-26-2024 13:16:27: 
02-26-2024 13:16:27: During handling of the above exception, another exception occurred:
02-26-2024 13:16:27: 
02-26-2024 13:16:27: Traceback (most recent call last):
02-26-2024 13:16:27: File "/var/mobile/Library/ZXTouch/scripts/custom/VPN.bdl/vpn.py", line 45, in <module>
02-26-2024 13:16:27: device.show_toast(TOAST_WARNING, f"vpnignore file missing", 2)
02-26-2024 13:16:27: File "/usr/lib/python3.7/site-packages/zxtouch/client.py", line 148, in show_toast
02-26-2024 13:16:27: fontSize))
02-26-2024 13:16:27: OSError: [Errno 9] Bad file descriptor
02-26-2024 13:16:42: Start running script. Script path: 
02-26-2024 13:17:02: Start running script. Script path: 
02-26-2024 13:21:37: Start running script. Script path: 
02-26-2024 13:21:37: Traceback (most recent call last):
02-26-2024 13:21:37: File "/var/mobile/Library/ZXTouch/scripts/custom/VPN.bdl/vpn.py", line 48, in <module>
02-26-2024 13:21:37: device.run_shell_command("activator send libactivator.menu.FDF162AD-D8F3-4C7B-97CD-4870E770B151")
02-26-2024 13:21:37: File "/usr/lib/python3.7/site-packages/zxtouch/client.py", line 78, in run_shell_command
02-26-2024 13:21:37: self.s.send(datahandler.format_socket_data(tasktypes.TASK_RUN_SHELL, command))
02-26-2024 13:21:37: OSError: [Errno 9] Bad file descriptor
02-26-2024 13:22:30: Start running script. Script path: 
02-26-2024 13:22:31: Traceback (most recent call last):
02-26-2024 13:22:31: File "/var/mobile/Library/ZXTouch/scripts/custom/VPN.bdl/vpn.py", line 48, in <module>
02-26-2024 13:22:31: device.run_shell_command("activator send libactivator.menu.FDF162AD-D8F3-4C7B-97CD-4870E770B151")
02-26-2024 13:22:31: File "/usr/lib/python3.7/site-packages/zxtouch/client.py", line 78, in run_shell_command
02-26-2024 13:22:31: self.s.send(datahandler.format_socket_data(tasktypes.TASK_RUN_SHELL, command))
02-26-2024 13:22:31: OSError: [Errno 9] Bad file descriptor
02-26-2024 13:22:41: Start running script. Script path: 
02-26-2024 13:22:45: Start running script. Script path: 
02-26-2024 13:24:13: Start running script. Script path: 
02-26-2024 13:24:37: Start running script. Script path: 
02-26-2024 13:24:44: Start running script. Script path: 
02-26-2024 13:24:56: Start running script. Script path: 
02-26-2024 13:25:12: Start running script. Script path: 
02-26-2024 13:25:47: Start running script. Script path: 
02-26-2024 13:25:48: Traceback (most recent call last):
02-26-2024 13:25:48: File "/var/mobile/Library/ZXTouch/scripts/custom/VPN.bdl/vpn.py", line 48, in <module>
02-26-2024 13:25:48: device.run_shell_command("activator send libactivator.menu.FDF162AD-D8F3-4C7B-97CD-4870E770B151")
02-26-2024 13:25:48: File "/usr/lib/python3.7/site-packages/zxtouch/client.py", line 78, in run_shell_command
02-26-2024 13:25:48: self.s.send(datahandler.format_socket_data(tasktypes.TASK_RUN_SHELL, command))
02-26-2024 13:25:48: OSError: [Errno 9] Bad file descriptor
02-26-2024 13:26:21: Start running script. Script path: 
02-26-2024 13:26:21: Traceback (most recent call last):
02-26-2024 13:26:21: File "/var/mobile/Library/ZXTouch/scripts/custom/VPN.bdl/vpn.py", line 48, in <module>
02-26-2024 13:26:21: device.run_shell_command("activator send libactivator.menu.FDF162AD-D8F3-4C7B-97CD-4870E770B151")
02-26-2024 13:26:21: File "/usr/lib/python3.7/site-packages/zxtouch/client.py", line 78, in run_shell_command
02-26-2024 13:26:21: self.s.send(datahandler.format_socket_data(tasktypes.TASK_RUN_SHELL, command))
02-26-2024 13:26:21: OSError: [Errno 9] Bad file descriptor
02-26-2024 13:26:24: Start running script. Script path: 
02-26-2024 13:26:25: Traceback (most recent call last):
02-26-2024 13:26:25: File "/var/mobile/Library/ZXTouch/scripts/custom/VPN.bdl/vpn.py", line 48, in <module>
02-26-2024 13:26:25: device.run_shell_command("activator send libactivator.menu.FDF162AD-D8F3-4C7B-97CD-4870E770B151")
02-26-2024 13:26:25: File "/usr/lib/python3.7/site-packages/zxtouch/client.py", line 78, in run_shell_command
02-26-2024 13:26:25: self.s.send(datahandler.format_socket_data(tasktypes.TASK_RUN_SHELL, command))
02-26-2024 13:26:25: OSError: [Errno 9] Bad file descriptor
02-26-2024 13:26:37: Start running script. Script path: 
02-26-2024 13:26:38: Traceback (most recent call last):
02-26-2024 13:26:38: File "/var/mobile/Library/ZXTouch/scripts/custom/VPN.bdl/vpn.py", line 48, in <module>
02-26-2024 13:26:38: device.run_shell_command("activator send libactivator.menu.FDF162AD-D8F3-4C7B-97CD-4870E770B151")
02-26-2024 13:26:38: File "/usr/lib/python3.7/site-packages/zxtouch/client.py", line 78, in run_shell_command
02-26-2024 13:26:38: self.s.send(datahandler.format_socket_data(tasktypes.TASK_RUN_SHELL, command))
02-26-2024 13:26:38: OSError: [Errno 9] Bad file descriptor
02-26-2024 13:26:50: Start running script. Script path: 
02-26-2024 13:26:50: Traceback (most recent call last):
02-26-2024 13:26:50: File "/var/mobile/Library/ZXTouch/scripts/custom/VPN.bdl/vpn.py", line 48, in <module>
02-26-2024 13:26:50: device.run_shell_command("activator send libactivator.menu.FDF162AD-D8F3-4C7B-97CD-4870E770B151")
02-26-2024 13:26:50: File "/usr/lib/python3.7/site-packages/zxtouch/client.py", line 78, in run_shell_command
02-26-2024 13:26:50: self.s.send(datahandler.format_socket_data(tasktypes.TASK_RUN_SHELL, command))
02-26-2024 13:26:50: OSError: [Errno 9] Bad file descriptor
02-26-2024 13:27:11: Start running script. Script path: 
02-26-2024 13:27:11: Traceback (most recent call last):
02-26-2024 13:27:11: File "/var/mobile/Library/ZXTouch/scripts/custom/VPN.bdl/vpn.py", line 48, in <module>
02-26-2024 13:27:11: device.run_shell_command("activator send libactivator.menu.FDF162AD-D8F3-4C7B-97CD-4870E770B151")
02-26-2024 13:27:11: File "/usr/lib/python3.7/site-packages/zxtouch/client.py", line 78, in run_shell_command
02-26-2024 13:27:11: self.s.send(datahandler.format_socket_data(tasktypes.TASK_RUN_SHELL, command))
02-26-2024 13:27:11: OSError: [Errno 9] Bad file descriptor
02-26-2024 13:27:22: Start running script. Script path: 
02-26-2024 13:27:22: Traceback (most recent call last):
02-26-2024 13:27:22: File "/var/mobile/Library/ZXTouch/scripts/custom/VPN.bdl/vpn.py", line 48, in <module>
02-26-2024 13:27:22: device.run_shell_command("activator send libactivator.menu.FDF162AD-D8F3-4C7B-97CD-4870E770B151")
02-26-2024 13:27:22: File "/usr/lib/python3.7/site-packages/zxtouch/client.py", line 78, in run_shell_command
02-26-2024 13:27:22: self.s.send(datahandler.format_socket_data(tasktypes.TASK_RUN_SHELL, command))
02-26-2024 13:27:22: OSError: [Errno 9] Bad file descriptor
02-26-2024 13:27:42: Start running script. Script path: 
02-26-2024 13:29:26: Start running script. Script path: 
02-26-2024 13:29:31: Start running script. Script path: 
02-26-2024 13:29:35: Start running script. Script path: 
02-26-2024 13:30:41: Start running script. Script path: 
02-26-2024 13:30:45: Start running script. Script path: 
02-26-2024 13:36:23: Start running script. Script path: 
02-26-2024 13:36:40: Start running script. Script path: 
02-26-2024 13:36:40: 56.777575731277466
02-26-2024 13:36:40: Traceback (most recent call last):
02-26-2024 13:36:40: File "/var/mobile/Library/ZXTouch/scripts/custom/VPN.bdl/vpn.py", line 48, in <module>
02-26-2024 13:36:40: device.run_shell_command("activator send libactivator.menu.FDF162AD-D8F3-4C7B-97CD-4870E770B151")
02-26-2024 13:36:40: File "/usr/lib/python3.7/site-packages/zxtouch/client.py", line 78, in run_shell_command
02-26-2024 13:36:40: self.s.send(datahandler.format_socket_data(tasktypes.TASK_RUN_SHELL, command))
02-26-2024 13:36:40: OSError: [Errno 9] Bad file descriptor
02-26-2024 13:36:56: Start running script. Script path: 
02-26-2024 13:36:56: 3981.955976963043
02-26-2024 13:37:02: Start running script. Script path: 
02-26-2024 13:37:02: 3987.235570907593
02-26-2024 13:37:05: Start running script. Script path: 
02-26-2024 13:37:05: 3990.6306409835815
02-26-2024 13:37:09: Start running script. Script path: 
02-26-2024 13:37:09: 3994.369201898575
02-26-2024 13:37:19: Start running script. Script path: 
02-26-2024 13:37:19: 4004.3462290763855
02-26-2024 13:37:22: Start running script. Script path: 
02-26-2024 13:37:23: 2.553161859512329
02-26-2024 13:37:23: Traceback (most recent call last):
02-26-2024 13:37:23: File "/var/mobile/Library/ZXTouch/scripts/custom/VPN.bdl/vpn.py", line 48, in <module>
02-26-2024 13:37:23: device.run_shell_command("activator send libactivator.menu.FDF162AD-D8F3-4C7B-97CD-4870E770B151")
02-26-2024 13:37:23: File "/usr/lib/python3.7/site-packages/zxtouch/client.py", line 78, in run_shell_command
02-26-2024 13:37:23: self.s.send(datahandler.format_socket_data(tasktypes.TASK_RUN_SHELL, command))
02-26-2024 13:37:23: OSError: [Errno 9] Bad file descriptor
02-26-2024 13:37:33: Start running script. Script path: 
02-26-2024 13:37:33: 12.772419929504395
02-26-2024 13:37:33: Traceback (most recent call last):
02-26-2024 13:37:33: File "/var/mobile/Library/ZXTouch/scripts/custom/VPN.bdl/vpn.py", line 48, in <module>
02-26-2024 13:37:33: device.run_shell_command("activator send libactivator.menu.FDF162AD-D8F3-4C7B-97CD-4870E770B151")
02-26-2024 13:37:33: File "/usr/lib/python3.7/site-packages/zxtouch/client.py", line 78, in run_shell_command
02-26-2024 13:37:33: self.s.send(datahandler.format_socket_data(tasktypes.TASK_RUN_SHELL, command))
02-26-2024 13:37:33: OSError: [Errno 9] Bad file descriptor
02-26-2024 13:37:35: Start running script. Script path: 
02-26-2024 13:37:35: 15.328179836273193
02-26-2024 13:37:35: Traceback (most recent call last):
02-26-2024 13:37:35: File "/var/mobile/Library/ZXTouch/scripts/custom/VPN.bdl/vpn.py", line 48, in <module>
02-26-2024 13:37:35: device.run_shell_command("activator send libactivator.menu.FDF162AD-D8F3-4C7B-97CD-4870E770B151")
02-26-2024 13:37:35: File "/usr/lib/python3.7/site-packages/zxtouch/client.py", line 78, in run_shell_command
02-26-2024 13:37:35: self.s.send(datahandler.format_socket_data(tasktypes.TASK_RUN_SHELL, command))
02-26-2024 13:37:35: OSError: [Errno 9] Bad file descriptor
02-26-2024 13:38:01: Start running script. Script path: 
02-26-2024 13:38:01: 4046.3055119514465
02-26-2024 13:38:04: Start running script. Script path: 
02-26-2024 13:38:05: 4050.119481086731
02-26-2024 13:38:08: Start running script. Script path: 
02-26-2024 13:38:08: 2.2293899059295654
02-26-2024 13:38:08: Traceback (most recent call last):
02-26-2024 13:38:08: File "/var/mobile/Library/ZXTouch/scripts/custom/VPN.bdl/vpn.py", line 48, in <module>
02-26-2024 13:38:08: device.run_shell_command("activator send libactivator.menu.FDF162AD-D8F3-4C7B-97CD-4870E770B151")
02-26-2024 13:38:08: File "/usr/lib/python3.7/site-packages/zxtouch/client.py", line 78, in run_shell_command
02-26-2024 13:38:08: self.s.send(datahandler.format_socket_data(tasktypes.TASK_RUN_SHELL, command))
02-26-2024 13:38:08: OSError: [Errno 9] Bad file descriptor
02-26-2024 13:41:43: Start running script. Script path: 
02-26-2024 13:41:49: Start running script. Script path: 
02-26-2024 13:41:53: Start running script. Script path: 
02-26-2024 13:42:09: Start running script. Script path: 
02-26-2024 13:42:13: Start running script. Script path: 
02-26-2024 13:42:14: 3.3217501640319824
02-26-2024 13:42:20: Start running script. Script path: 
02-26-2024 13:42:20: 9.949790000915527
02-26-2024 13:43:53: Start running script. Script path: 
02-26-2024 13:44:58: Start running script. Script path: 
02-26-2024 13:46:34: Start running script. Script path: 
02-26-2024 14:24:23: Start running script. Script path: 
02-26-2024 14:24:28: Start running script. Script path: 
02-26-2024 14:25:59: Start running script. Script path: 
02-26-2024 14:26:03: Start running script. Script path: 
02-26-2024 14:26:08: Start running script. Script path: 
02-26-2024 14:26:13: Start running script. Script path: 
02-26-2024 14:41:40: Start running script. Script path: 
02-26-2024 14:42:03: Start running script. Script path: 
02-26-2024 14:42:23: Start running script. Script path: 
02-26-2024 14:45:17: Start running script. Script path: 
02-27-2024 14:37:01: Start running script. Script path: 
02-27-2024 14:41:36: Start running script. Script path: 
02-27-2024 14:45:07: Start running script. Script path: 
02-27-2024 14:56:19: Start running script. Script path: 
02-27-2024 14:57:17: Start running script. Script path: 
02-27-2024 14:57:25: Start running script. Script path: 
02-27-2024 14:57:41: Start running script. Script path: 
02-27-2024 14:57:48: Start running script. Script path: 
02-27-2024 14:59:27: Start running script. Script path: 
02-27-2024 14:59:50: Start running script. Script path: 
02-27-2024 14:59:50: ifconfig: sysctl IFDATA_SUPPLEMENTAL: Cannot allocate memory
02-27-2024 14:59:50: Traceback (most recent call last):
02-27-2024 14:59:50: File "/var/mobile/Library/ZXTouch/scripts/custom/VPN.bdl/vpn.py", line 26, in <module>
02-27-2024 14:59:50: network_info = subprocess.check_output(["ifconfig"]).strip().decode('utf-8')
02-27-2024 14:59:50: File "/usr/lib/python3.7/subprocess.py", line 395, in check_output
02-27-2024 14:59:50: **kwargs).stdout
02-27-2024 14:59:50: File "/usr/lib/python3.7/subprocess.py", line 487, in run
02-27-2024 14:59:50: output=stdout, stderr=stderr)
02-27-2024 14:59:50: subprocess.CalledProcessError: Command '['ifconfig']' returned non-zero exit status 1.
02-27-2024 15:00:21: Start running script. Script path: 
02-27-2024 15:02:00: Start running script. Script path: 
02-27-2024 15:02:17: Start running script. Script path: 
02-27-2024 15:02:20: Start running script. Script path: 
02-27-2024 15:02:46: Start running script. Script path: 
02-27-2024 15:04:43: Start running script. Script path: 
02-27-2024 15:06:20: Start running script. Script path: 
02-27-2024 15:14:19: Start running script. Script path: 
02-27-2024 15:14:51: Start running script. Script path: 
02-27-2024 15:15:32: Start running script. Script path: 
02-27-2024 15:16:37: Start running script. Script path: 
02-27-2024 15:24:39: Start running script. Script path: 
02-27-2024 15:26:33: Start running script. Script path: 
02-27-2024 15:30:23: Start running script. Script path: 
02-27-2024 15:35:08: Start running script. Script path: 
02-27-2024 15:35:36: Start running script. Script path: 
02-27-2024 15:39:36: Start running script. Script path: 
02-28-2024 11:39:14: Start running script. Script path: 
02-28-2024 11:39:22: Start running script. Script path: 
02-28-2024 11:39:36: Start running script. Script path: 
02-28-2024 11:39:46: Start running script. Script path: 
02-28-2024 11:39:49: Start running script. Script path: 
02-28-2024 11:40:04: Start running script. Script path: 
02-28-2024 11:40:15: Start running script. Script path: 
03-01-2024 11:58:16: Start running script. Script path: 
03-01-2024 12:00:24: Start running script. Script path: 
03-01-2024 12:00:32: Start running script. Script path: 
03-01-2024 12:16:15: Start running script. Script path: 
03-01-2024 12:17:48: Start running script. Script path: 
03-01-2024 12:18:04: Start running script. Script path: 
03-01-2024 12:18:37: Start running script. Script path: 
03-01-2024 12:19:03: Start running script. Script path: 
03-01-2024 12:27:20: Start running script. Script path: 
03-01-2024 12:30:34: Start running script. Script path: 
03-01-2024 12:31:12: Start running script. Script path: 
03-01-2024 12:46:23: Start running script. Script path: 
03-01-2024 12:47:45: Start running script. Script path: 
03-03-2024 19:43:25: Start running script. Script path: 
03-03-2024 19:44:25: Start running script. Script path: 
03-03-2024 19:45:43: Start running script. Script path: 
03-03-2024 19:53:40: Start running script. Script path: 
03-03-2024 20:00:20: Start running script. Script path: 
03-04-2024 12:11:29: Start running script. Script path: 
03-04-2024 12:16:55: Start running script. Script path: 
03-04-2024 12:21:36: Start running script. Script path: 
03-04-2024 13:21:04: Start running script. Script path: 
03-05-2024 04:52:01: Start running script. Script path: 
03-05-2024 04:52:09: Start running script. Script path: 
03-05-2024 05:00:44: Start running script. Script path: 
03-05-2024 05:30:32: Start running script. Script path: 
03-05-2024 16:12:30: Start running script. Script path: 
03-05-2024 16:12:35: Start running script. Script path: 
03-05-2024 16:30:07: Start running script. Script path: 
03-05-2024 16:30:26: Start running script. Script path: 
03-05-2024 21:09:09: Start running script. Script path: 
03-05-2024 21:10:33: Start running script. Script path: 
03-05-2024 21:57:21: Start running script. Script path: 
03-05-2024 22:00:07: Start running script. Script path: 
03-05-2024 22:00:17: Start running script. Script path: 
03-05-2024 22:04:24: Start running script. Script path: 
03-05-2024 22:07:48: Start running script. Script path: 
03-05-2024 22:25:27: Start running script. Script path: 
03-05-2024 22:25:37: Start running script. Script path: 
03-05-2024 22:25:42: Start running script. Script path: 
03-06-2024 11:18:50: Start running script. Script path: 
03-06-2024 11:18:54: Start running script. Script path: 
03-06-2024 11:22:41: Start running script. Script path: 
03-06-2024 11:22:45: Start running script. Script path: 
03-06-2024 11:22:49: Start running script. Script path: 
03-06-2024 11:24:05: Start running script. Script path: 
03-06-2024 11:24:11: Start running script. Script path: 
03-06-2024 11:24:25: Start running script. Script path: 
03-06-2024 11:26:00: Start running script. Script path: 
03-06-2024 11:27:34: Start running script. Script path: 
03-06-2024 11:27:45: Start running script. Script path: 
03-07-2024 10:36:22: Start running script. Script path: 
03-07-2024 10:38:14: Start running script. Script path: 
03-07-2024 10:40:07: Start running script. Script path: 
03-07-2024 10:40:30: Start running script. Script path: 
03-07-2024 10:44:03: Start running script. Script path: 
03-07-2024 10:50:19: Start running script. Script path: 
03-07-2024 11:00:07: Start running script. Script path: 
03-07-2024 11:00:26: Start running script. Script path: 
03-07-2024 11:10:38: Start running script. Script path: 
03-07-2024 11:11:19: Start running script. Script path: 
03-07-2024 11:11:49: Start running script. Script path: 
03-07-2024 11:19:17: Start running script. Script path: 
03-07-2024 11:21:00: Start running script. Script path: 
03-07-2024 11:30:08: Start running script. Script path: 
03-07-2024 11:30:19: Start running script. Script path: 
03-07-2024 11:39:45: Start running script. Script path: 
03-07-2024 11:40:00: Start running script. Script path: 
03-07-2024 11:40:07: Start running script. Script path: 
03-07-2024 11:42:26: Start running script. Script path: 
03-07-2024 11:47:23: Start running script. Script path: 
03-07-2024 11:54:03: Start running script. Script path: 
03-08-2024 15:21:50: Start running script. Script path: 
03-08-2024 15:22:09: Start running script. Script path: 
03-08-2024 15:30:08: Start running script. Script path: 
03-08-2024 15:30:26: Start running script. Script path: 
03-08-2024 15:50:55: Start running script. Script path: 
03-08-2024 15:50:57: Start running script. Script path: 
03-08-2024 16:00:07: Start running script. Script path: 
03-08-2024 16:00:20: Start running script. Script path: 
03-08-2024 18:00:50: Start running script. Script path: 
03-08-2024 18:01:30: Start running script. Script path: 
03-08-2024 18:30:07: Start running script. Script path: 
03-08-2024 18:30:30: Start running script. Script path: 
03-08-2024 19:00:07: Start running script. Script path: 
03-08-2024 19:00:29: Start running script. Script path: 
03-11-2024 21:39:50: Start running script. Script path: 
03-11-2024 22:00:08: Start running script. Script path: 
03-11-2024 22:00:16: Start running script. Script path: 
03-11-2024 22:30:08: Start running script. Script path: 
03-11-2024 22:30:16: Start running script. Script path: 
03-12-2024 08:22:03: Start running script. Script path: 
03-12-2024 08:53:19: Start running script. Script path: 
03-12-2024 08:54:01: Start running script. Script path: 
03-12-2024 08:54:53: Start running script. Script path: 
03-12-2024 08:55:48: Start running script. Script path: 
03-12-2024 08:56:07: Start running script. Script path: 
03-12-2024 09:24:12: Start running script. Script path: 
03-12-2024 09:51:26: Start running script. Script path: 
03-13-2024 21:38:28: Start running script. Script path: 
03-13-2024 21:39:48: Start running script. Script path: 
03-13-2024 21:47:09: Start running script. Script path: 
03-13-2024 22:12:38: Start running script. Script path: 
03-14-2024 07:43:17: Start running script. Script path: 
03-15-2024 09:47:52: Start running script. Script path: 
03-15-2024 09:48:00: Start running script. Script path: 
03-15-2024 09:58:42: Start running script. Script path: 
03-15-2024 09:58:52: Start running script. Script path: 
03-15-2024 10:00:53: Start running script. Script path: 
03-15-2024 10:01:06: Start running script. Script path: 
03-15-2024 10:01:43: Start running script. Script path: 
03-15-2024 10:22:18: Start running script. Script path: 
03-15-2024 10:27:12: Start running script. Script path: 
03-15-2024 10:28:54: Start running script. Script path: 
03-15-2024 10:31:58: Start running script. Script path: 
03-15-2024 10:32:18: Start running script. Script path: 
03-15-2024 10:32:33: Start running script. Script path: 
03-15-2024 10:55:03: Start running script. Script path: 
03-15-2024 10:55:08: Start running script. Script path: 
03-15-2024 10:57:19: Start running script. Script path: 
03-15-2024 11:00:07: Start running script. Script path: 
03-15-2024 11:00:16: Start running script. Script path: 
03-15-2024 11:10:43: Start running script. Script path: 
03-15-2024 11:12:34: Start running script. Script path: 
03-15-2024 11:30:07: Start running script. Script path: 
03-15-2024 11:30:17: Start running script. Script path: 
03-15-2024 11:37:47: Start running script. Script path: 
03-15-2024 15:07:30: Start running script. Script path: 
03-15-2024 15:08:19: Start running script. Script path: 
03-15-2024 15:08:35: Start running script. Script path: 
03-15-2024 15:29:31: Start running script. Script path: 
03-15-2024 15:30:49: Start running script. Script path: 
03-15-2024 15:34:59: Start running script. Script path: 
03-15-2024 15:50:52: Start running script. Script path: 
03-15-2024 16:00:07: Start running script. Script path: 
03-15-2024 16:00:19: Start running script. Script path: 
03-15-2024 16:05:52: Start running script. Script path: 
03-15-2024 16:07:10: Start running script. Script path: 
03-16-2024 00:13:09: Start running script. Script path: 
03-16-2024 00:30:10: Start running script. Script path: 
03-16-2024 00:30:20: Start running script. Script path: 
03-16-2024 08:09:05: Start running script. Script path: 
03-16-2024 08:09:13: Start running script. Script path: 
03-17-2024 09:12:53: Start running script. Script path: 
03-17-2024 09:16:58: Start running script. Script path: 
03-17-2024 09:18:29: Start running script. Script path: 
03-17-2024 09:19:12: Start running script. Script path: 
03-17-2024 09:19:23: Start running script. Script path: 
03-17-2024 09:36:30: Start running script. Script path: 
03-17-2024 09:40:32: Start running script. Script path: 
03-17-2024 09:41:10: Start running script. Script path: 
03-17-2024 09:41:32: Start running script. Script path: 
03-17-2024 09:43:25: Start running script. Script path: 
03-17-2024 09:47:22: Start running script. Script path: 
03-17-2024 09:47:41: Start running script. Script path: 
03-17-2024 10:15:48: Start running script. Script path: 
03-17-2024 10:37:32: Start running script. Script path: 
03-17-2024 10:38:05: Start running script. Script path: 
03-17-2024 12:43:37: Start running script. Script path: 
03-17-2024 12:45:31: Start running script. Script path: 
03-17-2024 13:56:10: Start running script. Script path: 
03-17-2024 13:56:31: Start running script. Script path: 
03-17-2024 14:00:06: Start running script. Script path: 
03-17-2024 14:00:20: Start running script. Script path: 
03-17-2024 14:21:15: Start running script. Script path: 
03-17-2024 14:27:34: Start running script. Script path: 
03-17-2024 14:30:07: Start running script. Script path: 
03-17-2024 14:30:18: Start running script. Script path: 
03-17-2024 15:15:51: Start running script. Script path: 
03-17-2024 20:24:40: Start running script. Script path: 
03-17-2024 21:00:07: Start running script. Script path: 
03-17-2024 21:30:07: Start running script. Script path: 
03-17-2024 21:30:20: Start running script. Script path: 
03-17-2024 21:53:47: Start running script. Script path: 
03-17-2024 22:00:07: Start running script. Script path: 
03-17-2024 22:00:16: Start running script. Script path: 
03-17-2024 22:30:07: Start running script. Script path: 
03-17-2024 22:30:18: Start running script. Script path: 
03-17-2024 23:00:08: Start running script. Script path: 
03-17-2024 23:00:19: Start running script. Script path: 
03-18-2024 00:07:30: Start running script. Script path: 
03-18-2024 00:47:25: Start running script. Script path: 
03-18-2024 00:55:05: Start running script. Script path: 
03-19-2024 07:21:46: Start running script. Script path: 
03-19-2024 07:23:00: Start running script. Script path: 
03-19-2024 07:23:06: Start running script. Script path: 
03-19-2024 07:23:51: Start running script. Script path: 
03-19-2024 07:30:06: Start running script. Script path: 
03-19-2024 07:30:53: Start running script. Script path: 
03-19-2024 07:41:50: Start running script. Script path: 
03-19-2024 15:49:15: Start running script. Script path: 
03-19-2024 15:53:29: Start running script. Script path: 
03-19-2024 17:34:40: Start running script. Script path: 
03-19-2024 17:43:59: Start running script. Script path: 
03-19-2024 17:48:06: Start running script. Script path: 
03-19-2024 17:49:49: Start running script. Script path: 
03-19-2024 17:50:12: Start running script. Script path: 
03-19-2024 18:00:08: Start running script. Script path: 
03-19-2024 18:00:19: Start running script. Script path: 
03-19-2024 18:15:26: Start running script. Script path: 
03-19-2024 18:28:13: Start running script. Script path: 
03-20-2024 00:09:08: Start running script. Script path: 
03-20-2024 00:09:28: Start running script. Script path: 
03-20-2024 12:12:32: Start running script. Script path: 
03-20-2024 12:29:46: Start running script. Script path: 
03-20-2024 12:30:08: Start running script. Script path: 
03-20-2024 12:30:33: Start running script. Script path: 
03-20-2024 12:58:19: Start running script. Script path: 
03-20-2024 13:00:51: Start running script. Script path: 
03-20-2024 13:01:06: Start running script. Script path: 
03-20-2024 13:02:28: Start running script. Script path: 
03-21-2024 21:42:25: Start running script. Script path: 
03-21-2024 22:18:51: Start running script. Script path: 
03-21-2024 22:30:08: Start running script. Script path: 
03-21-2024 22:30:22: Start running script. Script path: 
03-21-2024 23:13:17: Start running script. Script path: 
03-21-2024 23:13:26: Start running script. Script path: 
03-22-2024 21:43:16: Start running script. Script path: 
03-22-2024 22:00:06: Start running script. Script path: 
03-22-2024 22:00:33: Start running script. Script path: 
03-23-2024 06:48:45: Start running script. Script path: 
03-23-2024 06:51:01: Start running script. Script path: 
03-23-2024 07:00:06: Start running script. Script path: 
03-23-2024 07:00:50: Start running script. Script path: 
03-23-2024 07:06:24: Start running script. Script path: 
03-23-2024 07:06:43: Start running script. Script path: 
03-23-2024 07:28:05: Start running script. Script path: 
03-23-2024 07:30:08: Start running script. Script path: 
03-23-2024 07:30:30: Start running script. Script path: 
03-23-2024 07:30:34: Start running script. Script path: 
03-23-2024 07:31:12: Start running script. Script path: 
03-23-2024 08:04:23: Start running script. Script path: 
03-23-2024 08:04:51: Start running script. Script path: 
03-23-2024 08:05:54: Start running script. Script path: 
03-23-2024 08:17:20: Start running script. Script path: 
03-23-2024 08:17:28: Start running script. Script path: 
03-23-2024 09:02:47: Start running script. Script path: 
03-23-2024 21:59:24: Start running script. Script path: 
03-23-2024 22:00:08: Start running script. Script path: 
03-23-2024 22:00:25: Start running script. Script path: 
03-23-2024 22:01:26: Start running script. Script path: 
03-24-2024 09:33:48: Start running script. Script path: 
03-24-2024 09:34:09: Start running script. Script path: 
03-24-2024 09:35:10: Start running script. Script path: 
03-24-2024 09:36:04: Start running script. Script path: 
03-24-2024 09:37:16: Start running script. Script path: 
03-24-2024 09:38:22: Start running script. Script path: 
03-24-2024 09:38:40: Start running script. Script path: 
03-24-2024 09:39:11: Start running script. Script path: 
03-24-2024 09:41:00: Start running script. Script path: 
03-24-2024 09:41:18: Start running script. Script path: 
03-24-2024 09:42:13: Start running script. Script path: 
03-24-2024 15:54:38: Start running script. Script path: 
03-24-2024 18:41:11: Start running script. Script path: 
03-24-2024 18:42:39: Start running script. Script path: 
03-24-2024 18:42:42: Start running script. Script path: 
03-25-2024 01:12:07: Start running script. Script path: 
03-25-2024 01:30:11: Start running script. Script path: 
03-25-2024 01:30:29: Start running script. Script path: 
03-25-2024 01:30:34: Start running script. Script path: 
03-25-2024 06:43:06: Start running script. Script path: 
03-25-2024 11:59:29: Start running script. Script path: 
03-25-2024 14:35:27: Start running script. Script path: 
03-25-2024 14:39:57: Start running script. Script path: 
03-25-2024 14:39:58: 2024-03-25 14:39:58.159 activator[7485:241260] Activator: Failed to lookup mach port with error 1
03-25-2024 14:39:58: Traceback (most recent call last):
03-25-2024 14:39:58: File "/var/mobile/Library/ZXTouch/scripts/custom/VPN.bdl/vpn.py", line 32, in <module>
03-25-2024 14:39:58: initial_app = subprocess.check_output(["activator", "current-app"]).strip().decode('utf-8')
03-25-2024 14:39:58: File "/usr/lib/python3.7/subprocess.py", line 395, in check_output
03-25-2024 14:39:58: **kwargs).stdout
03-25-2024 14:39:58: File "/usr/lib/python3.7/subprocess.py", line 487, in run
03-25-2024 14:39:58: output=stdout, stderr=stderr)
03-25-2024 14:39:58: subprocess.CalledProcessError: Command '['activator', 'current-app']' returned non-zero exit status 255.
03-25-2024 18:22:36: Start running script. Script path: 
03-25-2024 18:23:25: Start running script. Script path: 
03-25-2024 20:16:05: Start running script. Script path: 
03-25-2024 20:30:39: Start running script. Script path: 
03-25-2024 20:34:13: Start running script. Script path: 
03-25-2024 20:36:08: Start running script. Script path: 
03-25-2024 20:44:03: Start running script. Script path: 
03-25-2024 20:51:31: Start running script. Script path: 
03-25-2024 20:51:43: Start running script. Script path: 
03-25-2024 20:56:32: Start running script. Script path: 
03-25-2024 21:00:08: Start running script. Script path: 
03-25-2024 21:01:12: Start running script. Script path: 
03-25-2024 21:40:44: Start running script. Script path: 
03-26-2024 05:47:46: Start running script. Script path: 
03-26-2024 07:57:55: Start running script. Script path: 
03-26-2024 07:58:17: Start running script. Script path: 
03-26-2024 08:06:35: Start running script. Script path: 
03-26-2024 08:17:46: Start running script. Script path: 
03-26-2024 08:30:29: Start running script. Script path: 
03-26-2024 08:36:55: Start running script. Script path: 
03-26-2024 08:41:01: Start running script. Script path: 
03-26-2024 08:44:31: Start running script. Script path: 
03-26-2024 08:44:42: Start running script. Script path: 
03-26-2024 08:55:17: Start running script. Script path: 
03-26-2024 09:00:16: Start running script. Script path: 
03-26-2024 09:00:28: Start running script. Script path: 
03-26-2024 09:04:30: Start running script. Script path: 
03-26-2024 09:05:36: Start running script. Script path: 
03-26-2024 09:14:18: Start running script. Script path: 
03-26-2024 09:16:25: Start running script. Script path: 
03-26-2024 09:23:20: Start running script. Script path: 
03-26-2024 09:23:58: Start running script. Script path: 
03-26-2024 09:24:38: Start running script. Script path: 
03-26-2024 09:50:16: Start running script. Script path: 
03-26-2024 09:50:28: Start running script. Script path: 
03-26-2024 09:50:54: Start running script. Script path: 
03-27-2024 07:09:11: Start running script. Script path: 
03-27-2024 07:09:22: Start running script. Script path: 
03-27-2024 17:49:17: Start running script. Script path: 
03-27-2024 17:50:43: Start running script. Script path: 
03-28-2024 06:21:12: Start running script. Script path: 
03-28-2024 06:32:57: Start running script. Script path: 
03-28-2024 07:42:52: Start running script. Script path: 
03-28-2024 07:43:35: Start running script. Script path: 
03-28-2024 07:43:47: Start running script. Script path: 
03-28-2024 07:48:17: Start running script. Script path: 
03-28-2024 08:04:01: Start running script. Script path: 
03-28-2024 08:10:23: Start running script. Script path: 
03-28-2024 08:11:43: Start running script. Script path: 
03-28-2024 08:15:58: Start running script. Script path: 
03-28-2024 08:16:20: Start running script. Script path: 
03-28-2024 09:11:35: Start running script. Script path: 
03-28-2024 09:11:45: Start running script. Script path: 
03-28-2024 09:12:12: Start running script. Script path: 
03-28-2024 09:12:28: Start running script. Script path: 
03-28-2024 23:07:41: Start running script. Script path: 
03-28-2024 23:46:36: Start running script. Script path: 
03-29-2024 00:00:13: Start running script. Script path: 
03-29-2024 00:00:29: Start running script. Script path: 
03-29-2024 00:05:07: Start running script. Script path: 
03-29-2024 00:15:23: Start running script. Script path: 
03-29-2024 00:30:13: Start running script. Script path: 
03-29-2024 00:30:23: Start running script. Script path: 
03-29-2024 00:33:23: Start running script. Script path: 
03-29-2024 00:36:33: Start running script. Script path: 
03-29-2024 01:00:14: Start running script. Script path: 
03-29-2024 01:00:30: Start running script. Script path: 
03-29-2024 01:04:38: Start running script. Script path: 
03-29-2024 01:04:47: Start running script. Script path: 
03-29-2024 01:04:57: Start running script. Script path: 
03-29-2024 01:04:59: Start running script. Script path: 
03-29-2024 01:05:02: Start running script. Script path: 
03-29-2024 07:36:02: Start running script. Script path: 
03-29-2024 14:22:43: Start running script. Script path: 
03-29-2024 14:28:28: Start running script. Script path: 
03-29-2024 14:33:59: Start running script. Script path: 
03-29-2024 14:36:33: Start running script. Script path: 
03-29-2024 14:40:49: Start running script. Script path: 
03-29-2024 14:45:20: Start running script. Script path: 
03-29-2024 14:45:47: Start running script. Script path: 
03-29-2024 14:46:21: Start running script. Script path: 
03-29-2024 14:47:26: Start running script. Script path: 
03-29-2024 14:47:35: Start running script. Script path: 
03-29-2024 14:47:52: Start running script. Script path: 
03-29-2024 15:18:24: Start running script. Script path: 
03-30-2024 05:25:01: Start running script. Script path: 
03-30-2024 08:18:32: Start running script. Script path: 
03-30-2024 08:30:12: Start running script. Script path: 
03-30-2024 08:30:28: Start running script. Script path: 
03-30-2024 08:33:15: Start running script. Script path: 
03-30-2024 08:33:20: Start running script. Script path: 
03-30-2024 08:33:27: Start running script. Script path: 
03-30-2024 08:33:59: Start running script. Script path: 
03-30-2024 14:17:26: Start running script. Script path: 
03-30-2024 14:19:02: Start running script. Script path: 
03-30-2024 14:22:01: Start running script. Script path: 
03-30-2024 14:46:41: Start running script. Script path: 
03-30-2024 14:56:07: Start running script. Script path: 
03-30-2024 15:00:12: Start running script. Script path: 
03-30-2024 15:00:59: Start running script. Script path: 
03-31-2024 06:49:35: Start running script. Script path: 
03-31-2024 06:49:39: Start running script. Script path: 
03-31-2024 06:54:31: Start running script. Script path: 
03-31-2024 06:55:22: Start running script. Script path: 
03-31-2024 06:56:18: Start running script. Script path: 
03-31-2024 06:58:09: Start running script. Script path: 
03-31-2024 07:11:59: Start running script. Script path: 
03-31-2024 07:12:34: Start running script. Script path: 
03-31-2024 16:35:35: Start running script. Script path: 
03-31-2024 16:47:04: Start running script. Script path: 
03-31-2024 22:20:04: Start running script. Script path: 
03-31-2024 22:28:05: Start running script. Script path: 
03-31-2024 22:30:14: Start running script. Script path: 
03-31-2024 22:30:44: Start running script. Script path: 
03-31-2024 22:35:21: Start running script. Script path: 
03-31-2024 23:00:13: Start running script. Script path: 
04-01-2024 05:04:31: Start running script. Script path: 
04-01-2024 05:14:42: Start running script. Script path: 
04-01-2024 05:22:41: Start running script. Script path: 
04-01-2024 05:30:00: Start running script. Script path: 
04-01-2024 05:30:10: Start running script. Script path: 
04-01-2024 05:31:11: Start running script. Script path: 
04-01-2024 05:49:38: Start running script. Script path: 
04-01-2024 05:56:23: Start running script. Script path: 
04-01-2024 05:56:41: Start running script. Script path: 
04-01-2024 05:56:46: Start running script. Script path: 
04-01-2024 05:56:54: Start running script. Script path: 
04-01-2024 07:43:49: Start running script. Script path: 
04-01-2024 07:48:59: Start running script. Script path: 
04-01-2024 07:50:22: Start running script. Script path: 
04-01-2024 19:19:53: Start running script. Script path: 
04-01-2024 19:23:43: Start running script. Script path: 
04-01-2024 19:23:54: Start running script. Script path: 
04-01-2024 19:30:12: Start running script. Script path: 
04-01-2024 19:30:26: Start running script. Script path: 
04-01-2024 20:31:56: Start running script. Script path: 
04-01-2024 20:40:29: Start running script. Script path: 
04-01-2024 21:00:10: Start running script. Script path: 
04-01-2024 21:00:25: Start running script. Script path: 
04-01-2024 21:19:56: Start running script. Script path: 
04-01-2024 21:20:09: Start running script. Script path: 
04-01-2024 21:28:52: Start running script. Script path: 
04-01-2024 21:28:57: Start running script. Script path: 
04-01-2024 21:30:11: Start running script. Script path: 
04-01-2024 21:30:19: Start running script. Script path: 
04-01-2024 21:31:15: Start running script. Script path: 
04-01-2024 21:31:20: Start running script. Script path: 
04-01-2024 21:35:33: Start running script. Script path: 
04-01-2024 21:36:01: Start running script. Script path: 
04-01-2024 21:42:53: Start running script. Script path: 
04-01-2024 21:54:52: Start running script. Script path: 
04-01-2024 22:00:12: Start running script. Script path: 
04-01-2024 22:00:20: Start running script. Script path: 
04-01-2024 22:30:11: Start running script. Script path: 
04-01-2024 22:30:20: Start running script. Script path: 
04-01-2024 22:31:24: Start running script. Script path: 
04-01-2024 23:21:12: Start running script. Script path: 
04-01-2024 23:22:45: Start running script. Script path: 
04-02-2024 05:56:04: Start running script. Script path: 
04-02-2024 06:00:33: Start running script. Script path: 
04-02-2024 06:03:46: Start running script. Script path: 
04-02-2024 06:19:01: Start running script. Script path: 
04-02-2024 06:24:17: Start running script. Script path: 
04-02-2024 11:09:36: Start running script. Script path: 
04-02-2024 11:22:34: Start running script. Script path: 
04-02-2024 11:24:35: Start running script. Script path: 
04-02-2024 11:24:45: Start running script. Script path: 
04-02-2024 11:25:06: Start running script. Script path: 
04-02-2024 11:25:11: Start running script. Script path: 
04-02-2024 11:26:28: Start running script. Script path: 
04-02-2024 11:26:44: Start running script. Script path: 
04-02-2024 11:28:44: Start running script. Script path: 
04-02-2024 11:30:11: Start running script. Script path: 
04-02-2024 11:31:04: Start running script. Script path: 
04-02-2024 11:53:11: Start running script. Script path: 
04-02-2024 11:55:16: Start running script. Script path: 
04-02-2024 11:56:20: Start running script. Script path: 
04-02-2024 12:00:12: Start running script. Script path: 
04-02-2024 12:01:32: Start running script. Script path: 
04-02-2024 12:02:34: Start running script. Script path: 
04-02-2024 12:03:13: Start running script. Script path: 
04-02-2024 12:24:03: Start running script. Script path: 
04-02-2024 12:41:18: Start running script. Script path: 
04-02-2024 12:50:00: Start running script. Script path: 
04-02-2024 12:53:48: Start running script. Script path: 
04-02-2024 13:16:26: Start running script. Script path: 
04-02-2024 13:17:14: Start running script. Script path: 
04-02-2024 13:17:43: Start running script. Script path: 
04-02-2024 13:18:11: Start running script. Script path: 
04-02-2024 13:18:37: Start running script. Script path: 
04-02-2024 13:29:57: Start running script. Script path: 
04-02-2024 13:30:13: Start running script. Script path: 
04-02-2024 13:31:06: Start running script. Script path: 
04-02-2024 13:32:38: Start running script. Script path: 
04-02-2024 13:34:05: Start running script. Script path: 
04-02-2024 13:35:14: Start running script. Script path: 
04-02-2024 13:35:33: Start running script. Script path: 
04-02-2024 13:35:53: Start running script. Script path: 
04-02-2024 13:36:10: Start running script. Script path: 
04-02-2024 13:38:16: Start running script. Script path: 
04-02-2024 13:39:23: Start running script. Script path: 
04-02-2024 13:39:34: Start running script. Script path: 
04-02-2024 13:45:56: Start running script. Script path: 
04-02-2024 13:46:44: Start running script. Script path: 
04-02-2024 13:46:44: ifconfig: sysctl IFDATA_SUPPLEMENTAL: Cannot allocate memory
04-02-2024 13:46:44: Traceback (most recent call last):
04-02-2024 13:46:44: File "/var/mobile/Library/ZXTouch/scripts/custom/VPN.bdl/vpn.py", line 28, in <module>
04-02-2024 13:46:44: network_info = subprocess.check_output(["ifconfig"]).strip().decode('utf-8')
04-02-2024 13:46:44: File "/usr/lib/python3.7/subprocess.py", line 395, in check_output
04-02-2024 13:46:44: **kwargs).stdout
04-02-2024 13:46:44: File "/usr/lib/python3.7/subprocess.py", line 487, in run
04-02-2024 13:46:44: output=stdout, stderr=stderr)
04-02-2024 13:46:44: subprocess.CalledProcessError: Command '['ifconfig']' returned non-zero exit status 1.
04-02-2024 13:47:18: Start running script. Script path: 
04-02-2024 13:47:54: Start running script. Script path: 
04-02-2024 13:48:11: Start running script. Script path: 
04-02-2024 13:48:52: Start running script. Script path: 
04-02-2024 13:51:48: Start running script. Script path: 
04-02-2024 13:55:33: Start running script. Script path: 
04-02-2024 13:56:38: Start running script. Script path: 
04-02-2024 13:59:18: Start running script. Script path: 
04-02-2024 14:03:47: Start running script. Script path: 
04-02-2024 14:03:56: Start running script. Script path: 
04-02-2024 14:09:45: Start running script. Script path: 
04-02-2024 14:44:55: Start running script. Script path: 
04-03-2024 06:50:19: Start running script. Script path: 
04-03-2024 06:50:40: Start running script. Script path: 
04-03-2024 06:54:51: Start running script. Script path: 
04-03-2024 07:41:36: Start running script. Script path: 
04-03-2024 08:00:57: Start running script. Script path: 
04-03-2024 13:24:46: Start running script. Script path: 
04-03-2024 13:30:10: Start running script. Script path: 
04-03-2024 13:31:49: Start running script. Script path: 
04-03-2024 13:35:14: Start running script. Script path: 
04-03-2024 13:37:25: Start running script. Script path: 
04-03-2024 13:44:09: Start running script. Script path: 
04-03-2024 13:51:46: Start running script. Script path: 
04-03-2024 13:52:11: Start running script. Script path: 
04-03-2024 13:54:07: Start running script. Script path: 
04-03-2024 13:54:17: Start running script. Script path: 
04-03-2024 13:55:11: Start running script. Script path: 
04-03-2024 13:55:22: Start running script. Script path: 
04-03-2024 13:55:48: Start running script. Script path: 
04-03-2024 13:58:23: Start running script. Script path: 
04-03-2024 14:00:13: Start running script. Script path: 
04-03-2024 14:00:50: Start running script. Script path: 
04-03-2024 14:03:45: Start running script. Script path: 
04-03-2024 14:05:41: Start running script. Script path: 
04-03-2024 14:06:40: Start running script. Script path: 
04-03-2024 14:08:21: Start running script. Script path: 
04-03-2024 14:37:46: Start running script. Script path: 
04-03-2024 15:05:00: Start running script. Script path: 
04-03-2024 15:14:16: Start running script. Script path: 
04-03-2024 15:16:58: Start running script. Script path: 
04-03-2024 15:17:39: Start running script. Script path: 
04-04-2024 16:04:34: Start running script. Script path: 
04-04-2024 16:06:43: Start running script. Script path: 
04-04-2024 16:07:02: Start running script. Script path: 
04-04-2024 16:07:29: Start running script. Script path: 
04-04-2024 16:07:34: Start running script. Script path: 
04-04-2024 16:08:04: Start running script. Script path: 
04-04-2024 16:08:09: Start running script. Script path: 
04-04-2024 16:21:29: Start running script. Script path: 
04-04-2024 16:21:30: 2024-04-04 16:21:30.126 activator[16056:317024] Activator: Failed to lookup mach port with error 1
04-04-2024 16:21:30: Traceback (most recent call last):
04-04-2024 16:21:30: File "/var/mobile/Library/ZXTouch/scripts/custom/VPN.bdl/vpn.py", line 32, in <module>
04-04-2024 16:21:30: initial_app = subprocess.check_output(["activator", "current-app"]).strip().decode('utf-8')
04-04-2024 16:21:30: File "/usr/lib/python3.7/subprocess.py", line 395, in check_output
04-04-2024 16:21:30: **kwargs).stdout
04-04-2024 16:21:30: File "/usr/lib/python3.7/subprocess.py", line 487, in run
04-04-2024 16:21:30: output=stdout, stderr=stderr)
04-04-2024 16:21:30: subprocess.CalledProcessError: Command '['activator', 'current-app']' returned non-zero exit status 255.
04-04-2024 16:30:13: Start running script. Script path: 
04-04-2024 16:30:33: Start running script. Script path: 
04-04-2024 17:23:12: Start running script. Script path: 
04-04-2024 17:24:53: Start running script. Script path: 
04-04-2024 17:24:53: 2024-04-04 17:24:53.324 activator[16468:342590] Activator: Failed to lookup mach port with error 1
04-04-2024 17:24:53: Traceback (most recent call last):
04-04-2024 17:24:53: File "/var/mobile/Library/ZXTouch/scripts/custom/VPN.bdl/vpn.py", line 32, in <module>
04-04-2024 17:24:53: initial_app = subprocess.check_output(["activator", "current-app"]).strip().decode('utf-8')
04-04-2024 17:24:53: File "/usr/lib/python3.7/subprocess.py", line 395, in check_output
04-04-2024 17:24:53: **kwargs).stdout
04-04-2024 17:24:53: File "/usr/lib/python3.7/subprocess.py", line 487, in run
04-04-2024 17:24:53: output=stdout, stderr=stderr)
04-04-2024 17:24:53: subprocess.CalledProcessError: Command '['activator', 'current-app']' returned non-zero exit status 255.
04-04-2024 17:30:52: Start running script. Script path: 
04-04-2024 17:35:19: Start running script. Script path: 
04-04-2024 17:38:29: Start running script. Script path: 
04-04-2024 17:41:20: Start running script. Script path: 
04-04-2024 23:39:40: Start running script. Script path: 
04-05-2024 07:03:04: Start running script. Script path: 
04-05-2024 07:03:40: Start running script. Script path: 
04-05-2024 08:00:39: Start running script. Script path: 
04-05-2024 08:01:28: Start running script. Script path: 
04-05-2024 08:01:43: Start running script. Script path: 
04-05-2024 08:02:47: Start running script. Script path: 
04-05-2024 08:05:53: Start running script. Script path: 
04-05-2024 11:12:17: Start running script. Script path: 
04-05-2024 11:12:29: Start running script. Script path: 
04-08-2024 19:09:24: Start running script. Script path: 
04-08-2024 19:11:13: Start running script. Script path: 
04-08-2024 19:11:18: Start running script. Script path: 
04-08-2024 21:42:44: Start running script. Script path: 
04-08-2024 21:42:53: Start running script. Script path: 
04-08-2024 21:58:52: Start running script. Script path: 
04-08-2024 22:00:12: Start running script. Script path: 
04-08-2024 22:00:20: Start running script. Script path: 
04-08-2024 22:03:08: Start running script. Script path: 
04-08-2024 22:50:04: Start running script. Script path: 
04-08-2024 22:55:37: Start running script. Script path: 
04-08-2024 23:00:12: Start running script. Script path: 
04-08-2024 23:00:29: Start running script. Script path: 
04-10-2024 21:07:49: Start running script. Script path: 
04-10-2024 21:36:27: Start running script. Script path: 
04-10-2024 22:30:12: Start running script. Script path: 
04-11-2024 06:18:02: Start running script. Script path: 
04-11-2024 06:19:46: Start running script. Script path: 
04-11-2024 06:23:05: Start running script. Script path: 
04-11-2024 06:24:45: Start running script. Script path: 
04-11-2024 06:24:59: Start running script. Script path: 
04-11-2024 06:25:36: Start running script. Script path: 
04-11-2024 06:27:17: Start running script. Script path: 
04-11-2024 06:47:47: Start running script. Script path: 
04-11-2024 06:57:45: Start running script. Script path: 
04-11-2024 07:39:26: Start running script. Script path: 
04-11-2024 07:39:35: Start running script. Script path: 
04-11-2024 07:41:38: Start running script. Script path: 
04-11-2024 07:42:33: Start running script. Script path: 
04-11-2024 07:44:00: Start running script. Script path: 
04-11-2024 07:44:12: Start running script. Script path: 
04-11-2024 09:45:29: Start running script. Script path: 
04-11-2024 09:45:39: Start running script. Script path: 
04-11-2024 09:46:22: Start running script. Script path: 
04-11-2024 09:46:59: Start running script. Script path: 
04-11-2024 09:47:23: Start running script. Script path: 
04-11-2024 09:52:07: Start running script. Script path: 
04-11-2024 09:52:49: Start running script. Script path: 
04-11-2024 09:54:25: Start running script. Script path: 
04-11-2024 09:56:00: Start running script. Script path: 
04-11-2024 09:56:35: Start running script. Script path: 
04-11-2024 09:57:18: Start running script. Script path: 
04-11-2024 09:58:34: Start running script. Script path: 
04-11-2024 09:59:30: Start running script. Script path: 
04-11-2024 10:00:12: Start running script. Script path: 
04-11-2024 10:00:37: Start running script. Script path: 
04-11-2024 10:01:25: Start running script. Script path: 
04-11-2024 10:02:52: Start running script. Script path: 
04-11-2024 10:03:57: Start running script. Script path: 
04-11-2024 10:04:18: Start running script. Script path: 
04-11-2024 10:07:27: Start running script. Script path: 
04-11-2024 10:07:36: Start running script. Script path: 
04-11-2024 10:08:29: Start running script. Script path: 
04-11-2024 10:08:31: Start running script. Script path: 
04-11-2024 10:08:53: Start running script. Script path: 
04-11-2024 10:10:12: Start running script. Script path: 
04-11-2024 10:11:16: Start running script. Script path: 
04-11-2024 10:11:46: Start running script. Script path: 
04-11-2024 10:14:03: Start running script. Script path: 
04-11-2024 10:14:54: Start running script. Script path: 
04-11-2024 10:15:55: Start running script. Script path: 
04-11-2024 10:16:46: Start running script. Script path: 
04-11-2024 10:17:52: Start running script. Script path: 
04-11-2024 10:18:17: Start running script. Script path: 
04-11-2024 10:18:42: Start running script. Script path: 
04-11-2024 10:19:35: Start running script. Script path: 
04-11-2024 10:20:40: Start running script. Script path: 
04-11-2024 10:20:53: Start running script. Script path: 
04-11-2024 10:21:19: Start running script. Script path: 
04-11-2024 10:29:56: Start running script. Script path: 
04-11-2024 10:31:48: Start running script. Script path: 
04-11-2024 10:34:24: Start running script. Script path: 
04-11-2024 10:34:43: Start running script. Script path: 
04-11-2024 10:35:24: Start running script. Script path: 
04-11-2024 10:50:39: Start running script. Script path: 
04-11-2024 10:58:08: Start running script. Script path: 
04-11-2024 11:03:13: Start running script. Script path: 
04-11-2024 11:04:04: Start running script. Script path: 
04-11-2024 11:05:17: Start running script. Script path: 
04-11-2024 11:06:06: Start running script. Script path: 
04-11-2024 11:07:40: Start running script. Script path: 
04-11-2024 11:16:18: Start running script. Script path: 
04-11-2024 11:17:30: Start running script. Script path: 
04-11-2024 11:17:37: Start running script. Script path: 
04-11-2024 11:17:47: Start running script. Script path: 
04-11-2024 11:29:21: Start running script. Script path: 
04-11-2024 11:30:06: Start running script. Script path: 
04-11-2024 11:31:10: Start running script. Script path: 
04-11-2024 11:32:20: Start running script. Script path: 
04-11-2024 11:32:49: Start running script. Script path: 
04-11-2024 11:33:01: Start running script. Script path: 
04-11-2024 11:33:08: Start running script. Script path: 
04-11-2024 11:33:13: Start running script. Script path: 
04-11-2024 11:33:34: Start running script. Script path: 
04-11-2024 11:33:45: Start running script. Script path: 
04-11-2024 11:34:21: Start running script. Script path: 
04-11-2024 11:36:11: Start running script. Script path: 
04-11-2024 11:36:19: Start running script. Script path: 
04-11-2024 11:36:32: Start running script. Script path: 
04-11-2024 11:36:43: Start running script. Script path: 
04-11-2024 11:36:49: Start running script. Script path: 
04-11-2024 11:39:12: Start running script. Script path: 
04-11-2024 11:40:10: Start running script. Script path: 
04-11-2024 11:40:48: Start running script. Script path: 
04-11-2024 11:44:23: Start running script. Script path: 
04-11-2024 11:44:41: Start running script. Script path: 
04-11-2024 11:44:45: Start running script. Script path: 
04-11-2024 11:44:48: Start running script. Script path: 
04-11-2024 11:46:53: Start running script. Script path: 
04-11-2024 11:48:15: Start running script. Script path: 
04-11-2024 12:00:13: Start running script. Script path: 
04-11-2024 12:01:11: Start running script. Script path: 
04-11-2024 12:01:15: Start running script. Script path: 
04-11-2024 12:02:06: Start running script. Script path: 
04-11-2024 12:04:24: Start running script. Script path: 
04-11-2024 12:11:38: Start running script. Script path: 
04-11-2024 12:11:43: Start running script. Script path: 
04-11-2024 12:30:59: Start running script. Script path: 
04-11-2024 12:31:07: Start running script. Script path: 
04-11-2024 12:31:20: Start running script. Script path: 
04-11-2024 12:44:56: Start running script. Script path: 
04-11-2024 17:01:26: Start running script. Script path: 
04-11-2024 17:06:19: Start running script. Script path: 
04-11-2024 17:09:20: Start running script. Script path: 
04-11-2024 17:10:13: Start running script. Script path: 
04-11-2024 17:10:18: Start running script. Script path: 
04-12-2024 07:32:11: Start running script. Script path: 
04-12-2024 07:46:53: Start running script. Script path: 
04-12-2024 09:37:26: Start running script. Script path: 
04-12-2024 09:40:55: Start running script. Script path: 
04-12-2024 09:41:36: Start running script. Script path: 
04-12-2024 09:44:11: Start running script. Script path: 
04-12-2024 09:44:33: Start running script. Script path: 
04-12-2024 09:46:44: Start running script. Script path: 
04-12-2024 09:47:34: Start running script. Script path: 
04-12-2024 10:25:09: Start running script. Script path: 
04-12-2024 10:25:15: Start running script. Script path: 
04-12-2024 10:25:23: Start running script. Script path: 
04-12-2024 10:25:25: Start running script. Script path: 
04-12-2024 10:30:26: Start running script. Script path: 
04-12-2024 10:30:40: Start running script. Script path: 
04-12-2024 10:30:44: Start running script. Script path: 
04-12-2024 10:31:43: Start running script. Script path: 
04-12-2024 10:31:47: Start running script. Script path: 
04-12-2024 10:31:57: Start running script. Script path: 
04-12-2024 10:32:44: Start running script. Script path: 
04-12-2024 10:32:50: Start running script. Script path: 
04-12-2024 10:32:57: Start running script. Script path: 
04-12-2024 10:33:42: Start running script. Script path: 
04-12-2024 10:34:12: Start running script. Script path: 
04-12-2024 10:34:21: Start running script. Script path: 
04-12-2024 10:40:24: Start running script. Script path: 
04-12-2024 10:43:21: Start running script. Script path: 
04-12-2024 10:46:07: Start running script. Script path: 
04-12-2024 10:51:15: Start running script. Script path: 
04-12-2024 10:51:21: Start running script. Script path: 
04-12-2024 14:11:05: Start running script. Script path: 
04-12-2024 14:13:36: Start running script. Script path: 
04-12-2024 16:07:56: Start running script. Script path: 
04-13-2024 08:16:04: Start running script. Script path: 
04-13-2024 08:25:11: Start running script. Script path: 
04-13-2024 08:25:32: Start running script. Script path: 
04-13-2024 08:25:36: Start running script. Script path: 
04-13-2024 08:26:23: Start running script. Script path: 
04-13-2024 08:29:53: Start running script. Script path: 
04-13-2024 08:30:13: Start running script. Script path: 
04-13-2024 08:31:05: Start running script. Script path: 
04-13-2024 08:49:25: Start running script. Script path: 
04-13-2024 11:50:11: Start running script. Script path: 
04-13-2024 11:52:21: Start running script. Script path: 
04-13-2024 11:52:34: Start running script. Script path: 
04-13-2024 11:52:42: Start running script. Script path: 
04-13-2024 11:52:44: Start running script. Script path: 
04-13-2024 11:52:46: Start running script. Script path: 
04-13-2024 11:52:49: Start running script. Script path: 
04-13-2024 11:53:02: Start running script. Script path: 
04-13-2024 11:53:04: Start running script. Script path: 
04-13-2024 11:53:12: Start running script. Script path: 
04-13-2024 11:53:14: Start running script. Script path: 
04-13-2024 11:53:27: Start running script. Script path: 
04-13-2024 11:53:31: Start running script. Script path: 
04-13-2024 11:56:14: Start running script. Script path: 
04-13-2024 11:56:17: Start running script. Script path: 
04-13-2024 11:56:19: Start running script. Script path: 
04-13-2024 11:57:09: Start running script. Script path: 
04-13-2024 11:57:21: Start running script. Script path: 
04-13-2024 11:57:23: Start running script. Script path: 
04-13-2024 11:57:26: Start running script. Script path: 
04-13-2024 11:57:28: Start running script. Script path: 
04-13-2024 11:57:38: Start running script. Script path: 
04-13-2024 12:01:18: Start running script. Script path: 
04-13-2024 12:01:59: Start running script. Script path: 
04-13-2024 12:02:15: Start running script. Script path: 
04-13-2024 12:02:16: ifconfig: sysctl IFDATA_SUPPLEMENTAL: Cannot allocate memory
04-13-2024 12:02:16: Traceback (most recent call last):
04-13-2024 12:02:16: File "/var/mobile/Library/ZXTouch/scripts/custom/VPN.bdl/vpn.py", line 31, in <module>
04-13-2024 12:02:16: network_info = subprocess.check_output(["ifconfig"]).strip().decode('utf-8')
04-13-2024 12:02:16: File "/usr/lib/python3.7/subprocess.py", line 395, in check_output
04-13-2024 12:02:16: **kwargs).stdout
04-13-2024 12:02:16: File "/usr/lib/python3.7/subprocess.py", line 487, in run
04-13-2024 12:02:16: output=stdout, stderr=stderr)
04-13-2024 12:02:16: subprocess.CalledProcessError: Command '['ifconfig']' returned non-zero exit status 1.
04-13-2024 12:02:19: Start running script. Script path: 
04-13-2024 12:02:20: ifconfig: sysctl IFDATA_SUPPLEMENTAL: Cannot allocate memory
04-13-2024 12:02:20: Traceback (most recent call last):
04-13-2024 12:02:20: File "/var/mobile/Library/ZXTouch/scripts/custom/VPN.bdl/vpn.py", line 31, in <module>
04-13-2024 12:02:20: network_info = subprocess.check_output(["ifconfig"]).strip().decode('utf-8')
04-13-2024 12:02:20: File "/usr/lib/python3.7/subprocess.py", line 395, in check_output
04-13-2024 12:02:20: **kwargs).stdout
04-13-2024 12:02:20: File "/usr/lib/python3.7/subprocess.py", line 487, in run
04-13-2024 12:02:20: output=stdout, stderr=stderr)
04-13-2024 12:02:20: subprocess.CalledProcessError: Command '['ifconfig']' returned non-zero exit status 1.
04-13-2024 12:02:24: Start running script. Script path: 
04-13-2024 12:02:39: Start running script. Script path: 
04-13-2024 12:02:57: Start running script. Script path: 
04-13-2024 12:04:13: Start running script. Script path: 
04-13-2024 12:04:28: Start running script. Script path: 
04-13-2024 14:48:16: Start running script. Script path: 
04-13-2024 14:53:05: Start running script. Script path: 
04-13-2024 14:53:38: Start running script. Script path: 
04-13-2024 14:55:25: Start running script. Script path: 
04-13-2024 14:55:57: Start running script. Script path: 
04-13-2024 15:00:13: Start running script. Script path: 
04-13-2024 15:00:31: Start running script. Script path: 
04-13-2024 15:13:21: Start running script. Script path: 
04-13-2024 15:18:36: Start running script. Script path: 
04-13-2024 15:43:46: Start running script. Script path: 
04-13-2024 15:43:53: Start running script. Script path: 
04-13-2024 15:45:07: Start running script. Script path: 
04-13-2024 15:48:08: Start running script. Script path: 
04-13-2024 16:00:13: Start running script. Script path: 
04-13-2024 16:00:26: Start running script. Script path: 
04-13-2024 16:01:02: Start running script. Script path: 
04-13-2024 16:12:48: Start running script. Script path: 
04-13-2024 17:54:12: Start running script. Script path: 
04-13-2024 17:54:28: Start running script. Script path: 
04-13-2024 17:54:35: Start running script. Script path: 
04-13-2024 17:56:40: Start running script. Script path: 
04-13-2024 17:56:48: Start running script. Script path: 
04-13-2024 17:57:13: Start running script. Script path: 
04-13-2024 17:57:32: Start running script. Script path: 
04-13-2024 17:58:49: Start running script. Script path: 
04-13-2024 17:59:28: Start running script. Script path: 
04-13-2024 17:59:34: Start running script. Script path: 
04-13-2024 17:59:39: Start running script. Script path: 
04-13-2024 17:59:43: Start running script. Script path: 
04-13-2024 18:00:05: Start running script. Script path: 
04-13-2024 18:03:33: Start running script. Script path: 
04-13-2024 18:34:35: Start running script. Script path: 
04-13-2024 18:34:44: Start running script. Script path: 
04-13-2024 18:35:31: Start running script. Script path: 
04-13-2024 18:35:36: Start running script. Script path: 
04-13-2024 18:39:33: Start running script. Script path: 
04-13-2024 18:42:00: Start running script. Script path: 
04-13-2024 18:42:11: Start running script. Script path: 
04-13-2024 18:42:15: Start running script. Script path: 
04-13-2024 18:42:19: Start running script. Script path: 
04-13-2024 20:03:31: Start running script. Script path: 
04-14-2024 09:37:56: Start running script. Script path: 
04-14-2024 09:38:51: Start running script. Script path: 
04-14-2024 09:39:03: Start running script. Script path: 
04-14-2024 09:40:11: Start running script. Script path: 
04-14-2024 10:59:29: Start running script. Script path: 
04-14-2024 11:09:03: Start running script. Script path: 
04-14-2024 11:25:17: Start running script. Script path: 
04-14-2024 11:53:02: Start running script. Script path: 
04-14-2024 11:53:09: Start running script. Script path: 
04-14-2024 20:22:32: Start running script. Script path: 
04-14-2024 20:23:46: Start running script. Script path: 
04-14-2024 20:41:55: Start running script. Script path: 
04-14-2024 20:42:57: Start running script. Script path: 
04-15-2024 07:47:36: Start running script. Script path: 
04-15-2024 07:52:39: Start running script. Script path: 
04-15-2024 21:29:55: Start running script. Script path: 
04-15-2024 21:30:10: Start running script. Script path: 
04-15-2024 21:31:02: Start running script. Script path: 
04-15-2024 21:31:29: Start running script. Script path: 
04-15-2024 21:32:09: Start running script. Script path: 
04-15-2024 21:34:10: Start running script. Script path: 
04-15-2024 21:37:27: Start running script. Script path: 
04-15-2024 21:56:52: Start running script. Script path: 
04-15-2024 22:00:11: Start running script. Script path: 
04-15-2024 22:00:42: Start running script. Script path: 
04-15-2024 22:30:36: Start running script. Script path: 
04-15-2024 22:34:19: Start running script. Script path: 
04-15-2024 23:00:11: Start running script. Script path: 
04-16-2024 21:28:00: Start running script. Script path: 
04-16-2024 21:28:06: Start running script. Script path: 
04-16-2024 21:30:11: Start running script. Script path: 
04-16-2024 21:30:26: Start running script. Script path: 
04-16-2024 21:51:55: Start running script. Script path: 
04-16-2024 22:00:10: Start running script. Script path: 
04-16-2024 22:00:33: Start running script. Script path: 
04-16-2024 22:10:04: Start running script. Script path: 
04-16-2024 22:10:08: Start running script. Script path: 
04-16-2024 23:34:34: Start running script. Script path: 
04-16-2024 23:35:18: Start running script. Script path: 
04-17-2024 19:31:19: Start running script. Script path: 
04-17-2024 19:32:11: Start running script. Script path: 
04-17-2024 19:34:41: Start running script. Script path: 
04-17-2024 19:36:05: Start running script. Script path: 
04-17-2024 19:38:30: Start running script. Script path: 
04-17-2024 19:38:47: Start running script. Script path: 
04-17-2024 21:11:55: Start running script. Script path: 
04-17-2024 23:31:16: Start running script. Script path: 
04-17-2024 23:34:04: Start running script. Script path: 
04-17-2024 23:34:45: Start running script. Script path: 
04-17-2024 23:39:58: Start running script. Script path: 
04-17-2024 23:40:08: Start running script. Script path: 
04-17-2024 23:42:55: Start running script. Script path: 
04-17-2024 23:47:16: Start running script. Script path: 
04-17-2024 23:54:02: Start running script. Script path: 
04-17-2024 23:54:43: Start running script. Script path: 
04-17-2024 23:54:55: Start running script. Script path: 
04-17-2024 23:55:02: Start running script. Script path: 
04-18-2024 08:07:34: Start running script. Script path: 
04-18-2024 08:11:52: Start running script. Script path: 
04-18-2024 08:12:36: Start running script. Script path: 
04-18-2024 08:13:30: Start running script. Script path: 
04-18-2024 08:50:23: Start running script. Script path: 
04-18-2024 08:51:19: Start running script. Script path: 
04-18-2024 12:47:39: Start running script. Script path: 
04-18-2024 12:49:21: Start running script. Script path: 
04-18-2024 21:39:16: Start running script. Script path: 
04-18-2024 21:52:14: Start running script. Script path: 
04-18-2024 21:52:18: Start running script. Script path: 
04-18-2024 22:00:16: Start running script. Script path: 
04-18-2024 22:08:53: Start running script. Script path: 
04-18-2024 22:09:04: Start running script. Script path: 
04-18-2024 22:09:39: Start running script. Script path: 
04-19-2024 00:42:19: Start running script. Script path: 
04-19-2024 00:45:05: Start running script. Script path: 
04-19-2024 00:53:27: Start running script. Script path: 
04-19-2024 00:53:51: Start running script. Script path: 
04-19-2024 00:54:13: Start running script. Script path: 
04-19-2024 00:56:09: Start running script. Script path: 
04-19-2024 00:56:15: Start running script. Script path: 
04-19-2024 00:58:49: Start running script. Script path: 
04-19-2024 01:00:13: Start running script. Script path: 
04-19-2024 01:02:47: Start running script. Script path: 
04-19-2024 01:06:49: Start running script. Script path: 
04-19-2024 01:12:17: Start running script. Script path: 
04-19-2024 01:12:53: Start running script. Script path: 
04-19-2024 01:14:11: Start running script. Script path: 
04-19-2024 01:15:45: Start running script. Script path: 
04-19-2024 01:16:47: Start running script. Script path: 
04-19-2024 01:17:20: Start running script. Script path: 
04-19-2024 01:18:07: Start running script. Script path: 
04-19-2024 01:20:34: Start running script. Script path: 
04-19-2024 01:21:24: Start running script. Script path: 
04-19-2024 01:23:22: Start running script. Script path: 
04-19-2024 01:24:08: Start running script. Script path: 
04-19-2024 01:25:10: Start running script. Script path: 
04-19-2024 01:25:50: Start running script. Script path: 
04-19-2024 01:26:14: Start running script. Script path: 
04-19-2024 01:26:30: Start running script. Script path: 
04-19-2024 01:26:57: Start running script. Script path: 
04-19-2024 01:27:11: Start running script. Script path: 
04-19-2024 01:27:45: Start running script. Script path: 
04-19-2024 01:28:10: Start running script. Script path: 
04-19-2024 01:29:11: Start running script. Script path: 
04-19-2024 07:08:34: Start running script. Script path: 
04-19-2024 07:12:25: Start running script. Script path: 
04-19-2024 07:22:10: Start running script. Script path: 
04-19-2024 07:31:09: Start running script. Script path: 
04-19-2024 07:34:54: Start running script. Script path: 
04-19-2024 07:37:44: Start running script. Script path: 
04-19-2024 09:32:11: Start running script. Script path: 
04-19-2024 09:33:18: Start running script. Script path: 
04-19-2024 09:35:01: Start running script. Script path: 
04-19-2024 09:44:42: Start running script. Script path: 
04-19-2024 09:45:03: Start running script. Script path: 
04-19-2024 09:45:16: Start running script. Script path: 
04-19-2024 09:45:31: Start running script. Script path: 
04-19-2024 18:03:17: Start running script. Script path: 
04-19-2024 19:10:57: Start running script. Script path: 
04-21-2024 19:15:49: Start running script. Script path: 
04-21-2024 19:20:26: Start running script. Script path: 
04-21-2024 19:20:30: Start running script. Script path: 
04-22-2024 00:00:33: Start running script. Script path: 
04-22-2024 00:00:46: Start running script. Script path: 
04-22-2024 00:13:19: Start running script. Script path: 
04-22-2024 00:15:05: Start running script. Script path: 
04-22-2024 00:17:55: Start running script. Script path: 
04-22-2024 00:19:44: Start running script. Script path: 
04-22-2024 00:20:54: Start running script. Script path: 
04-22-2024 00:23:26: Start running script. Script path: 
04-22-2024 00:27:57: Start running script. Script path: 
04-22-2024 00:28:07: Start running script. Script path: 
04-22-2024 00:30:16: Start running script. Script path: 
04-22-2024 10:26:55: Start running script. Script path: 
04-22-2024 11:33:52: Start running script. Script path: 
04-22-2024 12:00:40: Start running script. Script path: 
04-22-2024 12:07:19: Start running script. Script path: 
04-22-2024 12:09:50: Start running script. Script path: 
04-22-2024 12:27:58: Start running script. Script path: 
04-22-2024 18:35:04: Start running script. Script path: 
04-22-2024 18:37:31: Start running script. Script path: 
04-22-2024 18:44:03: Start running script. Script path: 
04-22-2024 18:44:10: Start running script. Script path: 
04-22-2024 18:44:14: Start running script. Script path: 
04-22-2024 18:48:56: Start running script. Script path: 
04-22-2024 18:49:19: Start running script. Script path: 
04-22-2024 18:51:58: Start running script. Script path: 
04-22-2024 18:53:58: Start running script. Script path: 
04-22-2024 18:56:49: Start running script. Script path: 
04-22-2024 19:00:29: Start running script. Script path: 
04-22-2024 19:30:15: Start running script. Script path: 
04-22-2024 22:01:09: Start running script. Script path: 
04-22-2024 22:03:38: Start running script. Script path: 
04-22-2024 22:06:03: Start running script. Script path: 
04-22-2024 22:07:25: Start running script. Script path: 
04-22-2024 23:51:38: Start running script. Script path: 
04-23-2024 08:54:42: Start running script. Script path: 
04-23-2024 14:40:31: Start running script. Script path: 
04-23-2024 14:41:09: Start running script. Script path: 
04-23-2024 15:10:33: Start running script. Script path: 
04-23-2024 18:24:52: Start running script. Script path: 
04-23-2024 19:00:18: Start running script. Script path: 
04-23-2024 19:09:26: Start running script. Script path: 
04-23-2024 19:32:49: Start running script. Script path: 
04-23-2024 19:32:54: Start running script. Script path: 
04-23-2024 19:42:48: Start running script. Script path: 
04-23-2024 19:42:53: Start running script. Script path: 
04-23-2024 19:42:57: Start running script. Script path: 
04-23-2024 20:03:11: Start running script. Script path: 
04-23-2024 20:03:18: Start running script. Script path: 
04-23-2024 20:13:04: Start running script. Script path: 
04-23-2024 20:13:17: Start running script. Script path: 
04-24-2024 11:06:16: Start running script. Script path: 
04-24-2024 11:08:57: Start running script. Script path: 
04-24-2024 11:30:25: Start running script. Script path: 
04-24-2024 11:31:37: Start running script. Script path: 
04-24-2024 12:19:56: Start running script. Script path: 
04-24-2024 12:21:21: Start running script. Script path: 
04-24-2024 12:30:41: Start running script. Script path: 
04-24-2024 12:32:43: Start running script. Script path: 
04-24-2024 12:34:03: Start running script. Script path: 
04-24-2024 12:35:07: Start running script. Script path: 
04-24-2024 22:18:09: Start running script. Script path: 
04-25-2024 08:12:15: Start running script. Script path: 
04-25-2024 11:52:55: Start running script. Script path: 
04-25-2024 11:53:14: Start running script. Script path: 
04-25-2024 11:56:04: Start running script. Script path: 
04-25-2024 15:11:29: Start running script. Script path: 
04-25-2024 15:20:11: Start running script. Script path: 
04-25-2024 15:23:54: Start running script. Script path: 
04-25-2024 15:24:23: Start running script. Script path: 
04-25-2024 15:28:58: Start running script. Script path: 
04-25-2024 16:25:03: Start running script. Script path: 
04-25-2024 16:37:25: Start running script. Script path: 
04-25-2024 16:50:22: Start running script. Script path: 
04-25-2024 16:57:29: Start running script. Script path: 
04-25-2024 17:05:27: Start running script. Script path: 
04-25-2024 17:10:25: Start running script. Script path: 
04-25-2024 17:12:30: Start running script. Script path: 
04-25-2024 17:13:15: Start running script. Script path: 
04-25-2024 17:16:03: Start running script. Script path: 
04-25-2024 17:16:29: Start running script. Script path: 
04-25-2024 17:16:32: Start running script. Script path: 
04-25-2024 17:17:35: Start running script. Script path: 
04-25-2024 17:17:40: Start running script. Script path: 
04-25-2024 17:26:53: Start running script. Script path: 
04-25-2024 17:26:56: Start running script. Script path: 
04-25-2024 17:30:57: Start running script. Script path: 
04-25-2024 17:31:07: Start running script. Script path: 
04-25-2024 18:01:15: Start running script. Script path: 
04-25-2024 18:07:34: Start running script. Script path: 
